-- The C compiler identification is GNU 9.4.0
-- The CXX compiler identification is GNU 9.4.0
-- Check for working C compiler: /usr/bin/cc
-- Check for working C compiler: /usr/bin/cc -- works
-- Detecting C compiler ABI info
-- Detecting C compiler ABI info - done
-- Detecting C compile features
-- Detecting C compile features - done
-- Check for working CXX compiler: /usr/bin/c++
-- Check for working CXX compiler: /usr/bin/c++ -- works
-- Detecting CXX compiler ABI info
-- Detecting CXX compiler ABI info - done
-- Detecting CXX compile features
-- Detecting CXX compile features - done
-- Found ament_cmake: 1.3.2 (/home/dhanush/ros2_humble/install/ament_cmake/share/ament_cmake/cmake)
-- Found Python3: /usr/bin/python3.8 (found version "3.8.10") found components: Interpreter 
-- Found rclcpp: 16.0.1 (/home/dhanush/ros2_humble/install/rclcpp/share/rclcpp/cmake)
-- Found rosidl_generator_c: 3.1.3 (/home/dhanush/ros2_humble/install/rosidl_generator_c/share/rosidl_generator_c/cmake)
-- Found rosidl_adapter: 3.1.3 (/home/dhanush/ros2_humble/install/rosidl_adapter/share/rosidl_adapter/cmake)
-- Found rosidl_generator_cpp: 3.1.3 (/home/dhanush/ros2_humble/install/rosidl_generator_cpp/share/rosidl_generator_cpp/cmake)
-- Using all available rosidl_typesupport_c: rosidl_typesupport_introspection_c;rosidl_typesupport_fastrtps_c
-- Using all available rosidl_typesupport_cpp: rosidl_typesupport_introspection_cpp;rosidl_typesupport_fastrtps_cpp
-- Found rmw_implementation_cmake: 6.1.0 (/home/dhanush/ros2_humble/install/rmw_implementation_cmake/share/rmw_implementation_cmake/cmake)
-- Found rmw_fastrtps_cpp: 6.2.1 (/home/dhanush/ros2_humble/install/rmw_fastrtps_cpp/share/rmw_fastrtps_cpp/cmake)
-- Found OpenSSL: /usr/lib/x86_64-linux-gnu/libcrypto.so (found version "1.1.1f")  
-- Found FastRTPS: /home/dhanush/ros2_humble/install/fastrtps/include  
-- Using RMW implementation 'rmw_fastrtps_cpp' as default
-- Looking for pthread.h
-- Looking for pthread.h - found
-- Performing Test CMAKE_HAVE_LIBC_PTHREAD
-- Performing Test CMAKE_HAVE_LIBC_PTHREAD - Failed
-- Looking for pthread_create in pthreads
-- Looking for pthread_create in pthreads - not found
-- Looking for pthread_create in pthread
-- Looking for pthread_create in pthread - found
-- Found Threads: TRUE  
-- Found rosidl_default_generators: 1.2.0 (/home/dhanush/ros2_humble/install/rosidl_default_generators/share/rosidl_default_generators/cmake)
-- Found ament_cmake_ros: 0.10.0 (/home/dhanush/ros2_humble/install/ament_cmake_ros/share/ament_cmake_ros/cmake)
-- Using all available rosidl_typesupport_c: rosidl_typesupport_introspection_c;rosidl_typesupport_fastrtps_c
-- Using all available rosidl_typesupport_cpp: rosidl_typesupport_introspection_cpp;rosidl_typesupport_fastrtps_cpp
-- Found PythonInterp: /usr/bin/python3 (found suitable version "3.8.10", minimum required is "3.6") 
-- Found python_cmake_module: 0.10.0 (/home/dhanush/ros2_humble/install/python_cmake_module/share/python_cmake_module/cmake)
-- Found PythonLibs: /usr/lib/x86_64-linux-gnu/libpython3.8.so (found suitable version "3.8.10", minimum required is "3.5") 
-- Using PYTHON_EXECUTABLE: /usr/bin/python3
-- Using PYTHON_INCLUDE_DIRS: /usr/include/python3.8
-- Using PYTHON_LIBRARIES: /usr/lib/x86_64-linux-gnu/libpython3.8.so
-- Found PythonExtra: .so  
CMake Deprecation Warning at /home/dhanush/ros2_humble/install/rosidl_cmake/share/rosidl_cmake/cmake/rosidl_target_interfaces.cmake:32 (message):
  Use rosidl_get_typesupport_target() and target_link_libraries() instead of
  rosidl_target_interfaces()
Call Stack (most recent call first):
  CMakeLists.txt:35 (rosidl_target_interfaces)


CMake Deprecation Warning at /home/dhanush/ros2_humble/install/rosidl_cmake/share/rosidl_cmake/cmake/rosidl_target_interfaces.cmake:32 (message):
  Use rosidl_get_typesupport_target() and target_link_libraries() instead of
  rosidl_target_interfaces()
Call Stack (most recent call first):
  CMakeLists.txt:37 (rosidl_target_interfaces)


-- Found ament_lint_auto: 0.12.4 (/home/dhanush/ros2_humble/install/ament_lint_auto/share/ament_lint_auto/cmake)
-- Added test 'cppcheck' to perform static code analysis on C / C++ code
-- Configured cppcheck include dirs: 
-- Configured cppcheck exclude dirs and/or files: 
-- Added test 'lint_cmake' to check CMake code style
-- Added test 'uncrustify' to check C / C++ code style
-- Configured uncrustify additional arguments: 
-- Added test 'xmllint' to check XML markup files
-- Configuring done
-- Generating done
-- Build files have been written to: /home/dhanush/Documents/HW/ENPM808X/beginner_tutorials/ros2_ws/build/cpp_pubsub
[  2%] [34m[1mGenerating C code for ROS interfaces[0m
[35m[1mScanning dependencies of target cpp_pubsub__cpp[0m
[35m[1mScanning dependencies of target ament_cmake_python_copy_cpp_pubsub[0m
[35m[1mScanning dependencies of target listener[0m
[  5%] [34m[1mGenerating C++ code for ROS interfaces[0m
[  5%] Built target ament_cmake_python_copy_cpp_pubsub
[35m[1mScanning dependencies of target ament_cmake_python_build_cpp_pubsub_egg[0m
[35m[1mScanning dependencies of target cpp_pubsub__rosidl_generator_c[0m
[  5%] Built target cpp_pubsub__cpp
[  8%] [34m[1mGenerating C++ introspection for ROS interfaces[0m
[ 10%] [34m[1mGenerating C++ type support dispatch for ROS interfaces[0m
[ 13%] [34m[1mGenerating C++ type support for eProsima Fast-RTPS[0m
[ 16%] [32mBuilding C object CMakeFiles/cpp_pubsub__rosidl_generator_c.dir/rosidl_generator_c/cpp_pubsub/srv/detail/strings__functions.c.o[0m
running egg_info
creating cpp_pubsub.egg-info
writing cpp_pubsub.egg-info/PKG-INFO
writing dependency_links to cpp_pubsub.egg-info/dependency_links.txt
writing top-level names to cpp_pubsub.egg-info/top_level.txt
writing manifest file 'cpp_pubsub.egg-info/SOURCES.txt'
[35m[1mScanning dependencies of target cpp_pubsub__rosidl_typesupport_cpp[0m
[ 18%] [32mBuilding CXX object CMakeFiles/listener.dir/src/subscriber_member_function.cpp.o[0m
[35m[1mScanning dependencies of target cpp_pubsub__rosidl_typesupport_fastrtps_cpp[0m
reading manifest file 'cpp_pubsub.egg-info/SOURCES.txt'
writing manifest file 'cpp_pubsub.egg-info/SOURCES.txt'
[35m[1mScanning dependencies of target cpp_pubsub__rosidl_typesupport_introspection_cpp[0m
[ 21%] [32m[1mLinking C shared library libcpp_pubsub__rosidl_generator_c.so[0m
[ 24%] [32mBuilding CXX object CMakeFiles/cpp_pubsub__rosidl_typesupport_cpp.dir/rosidl_typesupport_cpp/cpp_pubsub/srv/strings__type_support.cpp.o[0m
[ 27%] [32mBuilding CXX object CMakeFiles/cpp_pubsub__rosidl_typesupport_introspection_cpp.dir/rosidl_typesupport_introspection_cpp/cpp_pubsub/srv/detail/strings__type_support.cpp.o[0m
[ 27%] Built target ament_cmake_python_build_cpp_pubsub_egg
[ 27%] Built target cpp_pubsub__rosidl_generator_c
[ 29%] [32mBuilding CXX object CMakeFiles/cpp_pubsub__rosidl_typesupport_fastrtps_cpp.dir/rosidl_typesupport_fastrtps_cpp/cpp_pubsub/srv/detail/dds_fastrtps/strings__type_support.cpp.o[0m
[ 35%] [34m[1mGenerating C type support dispatch for ROS interfaces[0m
[ 35%] [34m[1mGenerating C type support for eProsima Fast-RTPS[0m
[ 37%] [34m[1mGenerating C introspection for ROS interfaces[0m
[ 40%] [32m[1mLinking CXX shared library libcpp_pubsub__rosidl_typesupport_cpp.so[0m
[ 40%] Built target cpp_pubsub__rosidl_typesupport_cpp
[ 43%] [32m[1mLinking CXX shared library libcpp_pubsub__rosidl_typesupport_introspection_cpp.so[0m
[ 45%] [32m[1mLinking CXX shared library libcpp_pubsub__rosidl_typesupport_fastrtps_cpp.so[0m
[35m[1mScanning dependencies of target cpp_pubsub__rosidl_typesupport_c[0m
[35m[1mScanning dependencies of target cpp_pubsub__rosidl_typesupport_fastrtps_c[0m
[ 45%] Built target cpp_pubsub__rosidl_typesupport_introspection_cpp
[35m[1mScanning dependencies of target cpp_pubsub__rosidl_typesupport_introspection_c[0m
[ 48%] [32mBuilding CXX object CMakeFiles/cpp_pubsub__rosidl_typesupport_c.dir/rosidl_typesupport_c/cpp_pubsub/srv/strings__type_support.cpp.o[0m
[ 51%] [32mBuilding C object CMakeFiles/cpp_pubsub__rosidl_typesupport_introspection_c.dir/rosidl_typesupport_introspection_c/cpp_pubsub/srv/detail/strings__type_support.c.o[0m
[ 51%] Built target cpp_pubsub__rosidl_typesupport_fastrtps_cpp
[ 54%] [32mBuilding CXX object CMakeFiles/cpp_pubsub__rosidl_typesupport_fastrtps_c.dir/rosidl_typesupport_fastrtps_c/cpp_pubsub/srv/detail/strings__type_support_c.cpp.o[0m
[ 56%] [32m[1mLinking CXX shared library libcpp_pubsub__rosidl_typesupport_c.so[0m
[ 59%] [32m[1mLinking C shared library libcpp_pubsub__rosidl_typesupport_introspection_c.so[0m
[ 59%] Built target cpp_pubsub__rosidl_typesupport_introspection_c
[ 59%] Built target cpp_pubsub__rosidl_typesupport_c
[ 62%] [32m[1mLinking CXX shared library libcpp_pubsub__rosidl_typesupport_fastrtps_c.so[0m
[ 62%] Built target cpp_pubsub__rosidl_typesupport_fastrtps_c
[35m[1mScanning dependencies of target cpp_pubsub[0m
[ 62%] Built target cpp_pubsub
[35m[1mScanning dependencies of target cpp_pubsub__py[0m
[35m[1mScanning dependencies of target talker[0m
[35m[1mScanning dependencies of target client[0m
[ 64%] [34m[1mGenerating Python code for ROS interfaces[0m
[ 67%] [32mBuilding CXX object CMakeFiles/talker.dir/src/publisher_member_function.cpp.o[0m
[ 70%] [32mBuilding CXX object CMakeFiles/client.dir/src/client.cpp.o[0m
[ 70%] Built target cpp_pubsub__py
[35m[1mScanning dependencies of target cpp_pubsub__rosidl_generator_py[0m
[ 72%] [32mBuilding C object CMakeFiles/cpp_pubsub__rosidl_generator_py.dir/rosidl_generator_py/cpp_pubsub/srv/_strings_s.c.o[0m
[ 75%] [32m[1mLinking C shared library rosidl_generator_py/cpp_pubsub/libcpp_pubsub__rosidl_generator_py.so[0m
[ 75%] Built target cpp_pubsub__rosidl_generator_py
[35m[1mScanning dependencies of target cpp_pubsub__rosidl_typesupport_introspection_c__pyext[0m
[35m[1mScanning dependencies of target cpp_pubsub__rosidl_typesupport_fastrtps_c__pyext[0m
[35m[1mScanning dependencies of target cpp_pubsub__rosidl_typesupport_c__pyext[0m
[ 78%] [32mBuilding C object CMakeFiles/cpp_pubsub__rosidl_typesupport_c__pyext.dir/rosidl_generator_py/cpp_pubsub/_cpp_pubsub_s.ep.rosidl_typesupport_c.c.o[0m
[ 81%] [32mBuilding C object CMakeFiles/cpp_pubsub__rosidl_typesupport_fastrtps_c__pyext.dir/rosidl_generator_py/cpp_pubsub/_cpp_pubsub_s.ep.rosidl_typesupport_fastrtps_c.c.o[0m
[ 83%] [32mBuilding C object CMakeFiles/cpp_pubsub__rosidl_typesupport_introspection_c__pyext.dir/rosidl_generator_py/cpp_pubsub/_cpp_pubsub_s.ep.rosidl_typesupport_introspection_c.c.o[0m
[ 86%] [32m[1mLinking C shared library rosidl_generator_py/cpp_pubsub/cpp_pubsub_s__rosidl_typesupport_c.cpython-38-x86_64-linux-gnu.so[0m
[ 89%] [32m[1mLinking C shared library rosidl_generator_py/cpp_pubsub/cpp_pubsub_s__rosidl_typesupport_introspection_c.cpython-38-x86_64-linux-gnu.so[0m
[ 91%] [32m[1mLinking C shared library rosidl_generator_py/cpp_pubsub/cpp_pubsub_s__rosidl_typesupport_fastrtps_c.cpython-38-x86_64-linux-gnu.so[0m
[ 91%] Built target cpp_pubsub__rosidl_typesupport_c__pyext
[ 91%] Built target cpp_pubsub__rosidl_typesupport_fastrtps_c__pyext
[ 91%] Built target cpp_pubsub__rosidl_typesupport_introspection_c__pyext
[ 94%] [32m[1mLinking CXX executable client[0m
[ 94%] Built target client
[ 97%] [32m[1mLinking CXX executable listener[0m
[ 97%] Built target listener
[100%] [32m[1mLinking CXX executable talker[0m
[100%] Built target talker
-- Install configuration: ""
-- Installing: /home/dhanush/Documents/HW/ENPM808X/beginner_tutorials/ros2_ws/install/cpp_pubsub/share/ament_index/resource_index/rosidl_interfaces/cpp_pubsub
-- Installing: /home/dhanush/Documents/HW/ENPM808X/beginner_tutorials/ros2_ws/install/cpp_pubsub/include/cpp_pubsub/cpp_pubsub
-- Installing: /home/dhanush/Documents/HW/ENPM808X/beginner_tutorials/ros2_ws/install/cpp_pubsub/include/cpp_pubsub/cpp_pubsub/srv
-- Installing: /home/dhanush/Documents/HW/ENPM808X/beginner_tutorials/ros2_ws/install/cpp_pubsub/include/cpp_pubsub/cpp_pubsub/srv/strings.h
-- Installing: /home/dhanush/Documents/HW/ENPM808X/beginner_tutorials/ros2_ws/install/cpp_pubsub/include/cpp_pubsub/cpp_pubsub/srv/detail
-- Installing: /home/dhanush/Documents/HW/ENPM808X/beginner_tutorials/ros2_ws/install/cpp_pubsub/include/cpp_pubsub/cpp_pubsub/srv/detail/strings__type_support.h
-- Installing: /home/dhanush/Documents/HW/ENPM808X/beginner_tutorials/ros2_ws/install/cpp_pubsub/include/cpp_pubsub/cpp_pubsub/srv/detail/strings__functions.c
-- Installing: /home/dhanush/Documents/HW/ENPM808X/beginner_tutorials/ros2_ws/install/cpp_pubsub/include/cpp_pubsub/cpp_pubsub/srv/detail/strings__struct.h
-- Installing: /home/dhanush/Documents/HW/ENPM808X/beginner_tutorials/ros2_ws/install/cpp_pubsub/include/cpp_pubsub/cpp_pubsub/srv/detail/strings__functions.h
-- Installing: /home/dhanush/Documents/HW/ENPM808X/beginner_tutorials/ros2_ws/install/cpp_pubsub/include/cpp_pubsub/cpp_pubsub/msg
-- Installing: /home/dhanush/Documents/HW/ENPM808X/beginner_tutorials/ros2_ws/install/cpp_pubsub/include/cpp_pubsub/cpp_pubsub/msg/rosidl_generator_c__visibility_control.h
-- Installing: /home/dhanush/Documents/HW/ENPM808X/beginner_tutorials/ros2_ws/install/cpp_pubsub/share/cpp_pubsub/environment/library_path.sh
-- Installing: /home/dhanush/Documents/HW/ENPM808X/beginner_tutorials/ros2_ws/install/cpp_pubsub/share/cpp_pubsub/environment/library_path.dsv
-- Installing: /home/dhanush/Documents/HW/ENPM808X/beginner_tutorials/ros2_ws/install/cpp_pubsub/lib/libcpp_pubsub__rosidl_generator_c.so
-- Set runtime path of "/home/dhanush/Documents/HW/ENPM808X/beginner_tutorials/ros2_ws/install/cpp_pubsub/lib/libcpp_pubsub__rosidl_generator_c.so" to ""
-- Up-to-date: /home/dhanush/Documents/HW/ENPM808X/beginner_tutorials/ros2_ws/install/cpp_pubsub/include/cpp_pubsub/cpp_pubsub
-- Up-to-date: /home/dhanush/Documents/HW/ENPM808X/beginner_tutorials/ros2_ws/install/cpp_pubsub/include/cpp_pubsub/cpp_pubsub/srv
-- Up-to-date: /home/dhanush/Documents/HW/ENPM808X/beginner_tutorials/ros2_ws/install/cpp_pubsub/include/cpp_pubsub/cpp_pubsub/srv/detail
-- Installing: /home/dhanush/Documents/HW/ENPM808X/beginner_tutorials/ros2_ws/install/cpp_pubsub/include/cpp_pubsub/cpp_pubsub/srv/detail/strings__rosidl_typesupport_fastrtps_c.h
-- Up-to-date: /home/dhanush/Documents/HW/ENPM808X/beginner_tutorials/ros2_ws/install/cpp_pubsub/include/cpp_pubsub/cpp_pubsub/msg
-- Installing: /home/dhanush/Documents/HW/ENPM808X/beginner_tutorials/ros2_ws/install/cpp_pubsub/include/cpp_pubsub/cpp_pubsub/msg/rosidl_typesupport_fastrtps_c__visibility_control.h
-- Installing: /home/dhanush/Documents/HW/ENPM808X/beginner_tutorials/ros2_ws/install/cpp_pubsub/lib/libcpp_pubsub__rosidl_typesupport_fastrtps_c.so
-- Set runtime path of "/home/dhanush/Documents/HW/ENPM808X/beginner_tutorials/ros2_ws/install/cpp_pubsub/lib/libcpp_pubsub__rosidl_typesupport_fastrtps_c.so" to ""
-- Up-to-date: /home/dhanush/Documents/HW/ENPM808X/beginner_tutorials/ros2_ws/install/cpp_pubsub/include/cpp_pubsub/cpp_pubsub
-- Up-to-date: /home/dhanush/Documents/HW/ENPM808X/beginner_tutorials/ros2_ws/install/cpp_pubsub/include/cpp_pubsub/cpp_pubsub/srv
-- Installing: /home/dhanush/Documents/HW/ENPM808X/beginner_tutorials/ros2_ws/install/cpp_pubsub/include/cpp_pubsub/cpp_pubsub/srv/strings.hpp
-- Up-to-date: /home/dhanush/Documents/HW/ENPM808X/beginner_tutorials/ros2_ws/install/cpp_pubsub/include/cpp_pubsub/cpp_pubsub/srv/detail
-- Installing: /home/dhanush/Documents/HW/ENPM808X/beginner_tutorials/ros2_ws/install/cpp_pubsub/include/cpp_pubsub/cpp_pubsub/srv/detail/strings__builder.hpp
-- Installing: /home/dhanush/Documents/HW/ENPM808X/beginner_tutorials/ros2_ws/install/cpp_pubsub/include/cpp_pubsub/cpp_pubsub/srv/detail/strings__struct.hpp
-- Installing: /home/dhanush/Documents/HW/ENPM808X/beginner_tutorials/ros2_ws/install/cpp_pubsub/include/cpp_pubsub/cpp_pubsub/srv/detail/strings__traits.hpp
-- Up-to-date: /home/dhanush/Documents/HW/ENPM808X/beginner_tutorials/ros2_ws/install/cpp_pubsub/include/cpp_pubsub/cpp_pubsub
-- Up-to-date: /home/dhanush/Documents/HW/ENPM808X/beginner_tutorials/ros2_ws/install/cpp_pubsub/include/cpp_pubsub/cpp_pubsub/srv
-- Up-to-date: /home/dhanush/Documents/HW/ENPM808X/beginner_tutorials/ros2_ws/install/cpp_pubsub/include/cpp_pubsub/cpp_pubsub/srv/detail
-- Installing: /home/dhanush/Documents/HW/ENPM808X/beginner_tutorials/ros2_ws/install/cpp_pubsub/include/cpp_pubsub/cpp_pubsub/srv/detail/dds_fastrtps
-- Installing: /home/dhanush/Documents/HW/ENPM808X/beginner_tutorials/ros2_ws/install/cpp_pubsub/include/cpp_pubsub/cpp_pubsub/srv/detail/strings__rosidl_typesupport_fastrtps_cpp.hpp
-- Up-to-date: /home/dhanush/Documents/HW/ENPM808X/beginner_tutorials/ros2_ws/install/cpp_pubsub/include/cpp_pubsub/cpp_pubsub/msg
-- Installing: /home/dhanush/Documents/HW/ENPM808X/beginner_tutorials/ros2_ws/install/cpp_pubsub/include/cpp_pubsub/cpp_pubsub/msg/rosidl_typesupport_fastrtps_cpp__visibility_control.h
-- Installing: /home/dhanush/Documents/HW/ENPM808X/beginner_tutorials/ros2_ws/install/cpp_pubsub/lib/libcpp_pubsub__rosidl_typesupport_fastrtps_cpp.so
-- Set runtime path of "/home/dhanush/Documents/HW/ENPM808X/beginner_tutorials/ros2_ws/install/cpp_pubsub/lib/libcpp_pubsub__rosidl_typesupport_fastrtps_cpp.so" to ""
-- Up-to-date: /home/dhanush/Documents/HW/ENPM808X/beginner_tutorials/ros2_ws/install/cpp_pubsub/include/cpp_pubsub/cpp_pubsub
-- Up-to-date: /home/dhanush/Documents/HW/ENPM808X/beginner_tutorials/ros2_ws/install/cpp_pubsub/include/cpp_pubsub/cpp_pubsub/srv
-- Up-to-date: /home/dhanush/Documents/HW/ENPM808X/beginner_tutorials/ros2_ws/install/cpp_pubsub/include/cpp_pubsub/cpp_pubsub/srv/detail
-- Installing: /home/dhanush/Documents/HW/ENPM808X/beginner_tutorials/ros2_ws/install/cpp_pubsub/include/cpp_pubsub/cpp_pubsub/srv/detail/strings__type_support.c
-- Installing: /home/dhanush/Documents/HW/ENPM808X/beginner_tutorials/ros2_ws/install/cpp_pubsub/include/cpp_pubsub/cpp_pubsub/srv/detail/strings__rosidl_typesupport_introspection_c.h
-- Up-to-date: /home/dhanush/Documents/HW/ENPM808X/beginner_tutorials/ros2_ws/install/cpp_pubsub/include/cpp_pubsub/cpp_pubsub/msg
-- Installing: /home/dhanush/Documents/HW/ENPM808X/beginner_tutorials/ros2_ws/install/cpp_pubsub/include/cpp_pubsub/cpp_pubsub/msg/rosidl_typesupport_introspection_c__visibility_control.h
-- Installing: /home/dhanush/Documents/HW/ENPM808X/beginner_tutorials/ros2_ws/install/cpp_pubsub/lib/libcpp_pubsub__rosidl_typesupport_introspection_c.so
-- Set runtime path of "/home/dhanush/Documents/HW/ENPM808X/beginner_tutorials/ros2_ws/install/cpp_pubsub/lib/libcpp_pubsub__rosidl_typesupport_introspection_c.so" to ""
-- Installing: /home/dhanush/Documents/HW/ENPM808X/beginner_tutorials/ros2_ws/install/cpp_pubsub/lib/libcpp_pubsub__rosidl_typesupport_c.so
-- Set runtime path of "/home/dhanush/Documents/HW/ENPM808X/beginner_tutorials/ros2_ws/install/cpp_pubsub/lib/libcpp_pubsub__rosidl_typesupport_c.so" to ""
-- Up-to-date: /home/dhanush/Documents/HW/ENPM808X/beginner_tutorials/ros2_ws/install/cpp_pubsub/include/cpp_pubsub/cpp_pubsub
-- Up-to-date: /home/dhanush/Documents/HW/ENPM808X/beginner_tutorials/ros2_ws/install/cpp_pubsub/include/cpp_pubsub/cpp_pubsub/srv
-- Up-to-date: /home/dhanush/Documents/HW/ENPM808X/beginner_tutorials/ros2_ws/install/cpp_pubsub/include/cpp_pubsub/cpp_pubsub/srv/detail
-- Installing: /home/dhanush/Documents/HW/ENPM808X/beginner_tutorials/ros2_ws/install/cpp_pubsub/include/cpp_pubsub/cpp_pubsub/srv/detail/strings__rosidl_typesupport_introspection_cpp.hpp
-- Installing: /home/dhanush/Documents/HW/ENPM808X/beginner_tutorials/ros2_ws/install/cpp_pubsub/include/cpp_pubsub/cpp_pubsub/srv/detail/strings__type_support.cpp
-- Installing: /home/dhanush/Documents/HW/ENPM808X/beginner_tutorials/ros2_ws/install/cpp_pubsub/lib/libcpp_pubsub__rosidl_typesupport_introspection_cpp.so
-- Set runtime path of "/home/dhanush/Documents/HW/ENPM808X/beginner_tutorials/ros2_ws/install/cpp_pubsub/lib/libcpp_pubsub__rosidl_typesupport_introspection_cpp.so" to ""
-- Installing: /home/dhanush/Documents/HW/ENPM808X/beginner_tutorials/ros2_ws/install/cpp_pubsub/lib/libcpp_pubsub__rosidl_typesupport_cpp.so
-- Set runtime path of "/home/dhanush/Documents/HW/ENPM808X/beginner_tutorials/ros2_ws/install/cpp_pubsub/lib/libcpp_pubsub__rosidl_typesupport_cpp.so" to ""
-- Installing: /home/dhanush/Documents/HW/ENPM808X/beginner_tutorials/ros2_ws/install/cpp_pubsub/share/cpp_pubsub/environment/pythonpath.sh
-- Installing: /home/dhanush/Documents/HW/ENPM808X/beginner_tutorials/ros2_ws/install/cpp_pubsub/share/cpp_pubsub/environment/pythonpath.dsv
-- Installing: /home/dhanush/Documents/HW/ENPM808X/beginner_tutorials/ros2_ws/install/cpp_pubsub/lib/python3.8/site-packages/cpp_pubsub-0.0.0-py3.8.egg-info
-- Installing: /home/dhanush/Documents/HW/ENPM808X/beginner_tutorials/ros2_ws/install/cpp_pubsub/lib/python3.8/site-packages/cpp_pubsub-0.0.0-py3.8.egg-info/SOURCES.txt
-- Installing: /home/dhanush/Documents/HW/ENPM808X/beginner_tutorials/ros2_ws/install/cpp_pubsub/lib/python3.8/site-packages/cpp_pubsub-0.0.0-py3.8.egg-info/dependency_links.txt
-- Installing: /home/dhanush/Documents/HW/ENPM808X/beginner_tutorials/ros2_ws/install/cpp_pubsub/lib/python3.8/site-packages/cpp_pubsub-0.0.0-py3.8.egg-info/PKG-INFO
-- Installing: /home/dhanush/Documents/HW/ENPM808X/beginner_tutorials/ros2_ws/install/cpp_pubsub/lib/python3.8/site-packages/cpp_pubsub-0.0.0-py3.8.egg-info/top_level.txt
-- Installing: /home/dhanush/Documents/HW/ENPM808X/beginner_tutorials/ros2_ws/install/cpp_pubsub/lib/python3.8/site-packages/cpp_pubsub
-- Installing: /home/dhanush/Documents/HW/ENPM808X/beginner_tutorials/ros2_ws/install/cpp_pubsub/lib/python3.8/site-packages/cpp_pubsub/srv
-- Installing: /home/dhanush/Documents/HW/ENPM808X/beginner_tutorials/ros2_ws/install/cpp_pubsub/lib/python3.8/site-packages/cpp_pubsub/srv/_strings.py
-- Installing: /home/dhanush/Documents/HW/ENPM808X/beginner_tutorials/ros2_ws/install/cpp_pubsub/lib/python3.8/site-packages/cpp_pubsub/srv/_strings_s.c
-- Installing: /home/dhanush/Documents/HW/ENPM808X/beginner_tutorials/ros2_ws/install/cpp_pubsub/lib/python3.8/site-packages/cpp_pubsub/srv/__init__.py
-- Installing: /home/dhanush/Documents/HW/ENPM808X/beginner_tutorials/ros2_ws/install/cpp_pubsub/lib/python3.8/site-packages/cpp_pubsub/cpp_pubsub_s__rosidl_typesupport_fastrtps_c.cpython-38-x86_64-linux-gnu.so
-- Installing: /home/dhanush/Documents/HW/ENPM808X/beginner_tutorials/ros2_ws/install/cpp_pubsub/lib/python3.8/site-packages/cpp_pubsub/libcpp_pubsub__rosidl_generator_py.so
-- Installing: /home/dhanush/Documents/HW/ENPM808X/beginner_tutorials/ros2_ws/install/cpp_pubsub/lib/python3.8/site-packages/cpp_pubsub/_cpp_pubsub_s.ep.rosidl_typesupport_c.c
-- Installing: /home/dhanush/Documents/HW/ENPM808X/beginner_tutorials/ros2_ws/install/cpp_pubsub/lib/python3.8/site-packages/cpp_pubsub/__init__.py
-- Installing: /home/dhanush/Documents/HW/ENPM808X/beginner_tutorials/ros2_ws/install/cpp_pubsub/lib/python3.8/site-packages/cpp_pubsub/cpp_pubsub_s__rosidl_typesupport_c.cpython-38-x86_64-linux-gnu.so
-- Installing: /home/dhanush/Documents/HW/ENPM808X/beginner_tutorials/ros2_ws/install/cpp_pubsub/lib/python3.8/site-packages/cpp_pubsub/_cpp_pubsub_s.ep.rosidl_typesupport_fastrtps_c.c
-- Installing: /home/dhanush/Documents/HW/ENPM808X/beginner_tutorials/ros2_ws/install/cpp_pubsub/lib/python3.8/site-packages/cpp_pubsub/_cpp_pubsub_s.ep.rosidl_typesupport_introspection_c.c
-- Installing: /home/dhanush/Documents/HW/ENPM808X/beginner_tutorials/ros2_ws/install/cpp_pubsub/lib/python3.8/site-packages/cpp_pubsub/cpp_pubsub_s__rosidl_typesupport_introspection_c.cpython-38-x86_64-linux-gnu.so
Listing '/home/dhanush/Documents/HW/ENPM808X/beginner_tutorials/ros2_ws/install/cpp_pubsub/lib/python3.8/site-packages/cpp_pubsub'...
Compiling '/home/dhanush/Documents/HW/ENPM808X/beginner_tutorials/ros2_ws/install/cpp_pubsub/lib/python3.8/site-packages/cpp_pubsub/__init__.py'...
Listing '/home/dhanush/Documents/HW/ENPM808X/beginner_tutorials/ros2_ws/install/cpp_pubsub/lib/python3.8/site-packages/cpp_pubsub/srv'...
Compiling '/home/dhanush/Documents/HW/ENPM808X/beginner_tutorials/ros2_ws/install/cpp_pubsub/lib/python3.8/site-packages/cpp_pubsub/srv/__init__.py'...
Compiling '/home/dhanush/Documents/HW/ENPM808X/beginner_tutorials/ros2_ws/install/cpp_pubsub/lib/python3.8/site-packages/cpp_pubsub/srv/_strings.py'...
-- Installing: /home/dhanush/Documents/HW/ENPM808X/beginner_tutorials/ros2_ws/install/cpp_pubsub/lib/python3.8/site-packages/cpp_pubsub/cpp_pubsub_s__rosidl_typesupport_introspection_c.cpython-38-x86_64-linux-gnu.so
-- Set runtime path of "/home/dhanush/Documents/HW/ENPM808X/beginner_tutorials/ros2_ws/install/cpp_pubsub/lib/python3.8/site-packages/cpp_pubsub/cpp_pubsub_s__rosidl_typesupport_introspection_c.cpython-38-x86_64-linux-gnu.so" to ""
-- Installing: /home/dhanush/Documents/HW/ENPM808X/beginner_tutorials/ros2_ws/install/cpp_pubsub/lib/python3.8/site-packages/cpp_pubsub/cpp_pubsub_s__rosidl_typesupport_fastrtps_c.cpython-38-x86_64-linux-gnu.so
-- Set runtime path of "/home/dhanush/Documents/HW/ENPM808X/beginner_tutorials/ros2_ws/install/cpp_pubsub/lib/python3.8/site-packages/cpp_pubsub/cpp_pubsub_s__rosidl_typesupport_fastrtps_c.cpython-38-x86_64-linux-gnu.so" to ""
-- Installing: /home/dhanush/Documents/HW/ENPM808X/beginner_tutorials/ros2_ws/install/cpp_pubsub/lib/python3.8/site-packages/cpp_pubsub/cpp_pubsub_s__rosidl_typesupport_c.cpython-38-x86_64-linux-gnu.so
-- Set runtime path of "/home/dhanush/Documents/HW/ENPM808X/beginner_tutorials/ros2_ws/install/cpp_pubsub/lib/python3.8/site-packages/cpp_pubsub/cpp_pubsub_s__rosidl_typesupport_c.cpython-38-x86_64-linux-gnu.so" to ""
-- Installing: /home/dhanush/Documents/HW/ENPM808X/beginner_tutorials/ros2_ws/install/cpp_pubsub/lib/libcpp_pubsub__rosidl_generator_py.so
-- Set runtime path of "/home/dhanush/Documents/HW/ENPM808X/beginner_tutorials/ros2_ws/install/cpp_pubsub/lib/libcpp_pubsub__rosidl_generator_py.so" to ""
-- Installing: /home/dhanush/Documents/HW/ENPM808X/beginner_tutorials/ros2_ws/install/cpp_pubsub/share/cpp_pubsub/srv/Strings.idl
-- Installing: /home/dhanush/Documents/HW/ENPM808X/beginner_tutorials/ros2_ws/install/cpp_pubsub/share/cpp_pubsub/srv/Strings.srv
-- Installing: /home/dhanush/Documents/HW/ENPM808X/beginner_tutorials/ros2_ws/install/cpp_pubsub/share/cpp_pubsub/srv/Strings_Request.msg
-- Installing: /home/dhanush/Documents/HW/ENPM808X/beginner_tutorials/ros2_ws/install/cpp_pubsub/share/cpp_pubsub/srv/Strings_Response.msg
-- Installing: /home/dhanush/Documents/HW/ENPM808X/beginner_tutorials/ros2_ws/install/cpp_pubsub/lib/cpp_pubsub/talker
-- Set runtime path of "/home/dhanush/Documents/HW/ENPM808X/beginner_tutorials/ros2_ws/install/cpp_pubsub/lib/cpp_pubsub/talker" to ""
-- Installing: /home/dhanush/Documents/HW/ENPM808X/beginner_tutorials/ros2_ws/install/cpp_pubsub/lib/cpp_pubsub/listener
-- Set runtime path of "/home/dhanush/Documents/HW/ENPM808X/beginner_tutorials/ros2_ws/install/cpp_pubsub/lib/cpp_pubsub/listener" to ""
-- Installing: /home/dhanush/Documents/HW/ENPM808X/beginner_tutorials/ros2_ws/install/cpp_pubsub/lib/cpp_pubsub/client
-- Set runtime path of "/home/dhanush/Documents/HW/ENPM808X/beginner_tutorials/ros2_ws/install/cpp_pubsub/lib/cpp_pubsub/client" to ""
-- Installing: /home/dhanush/Documents/HW/ENPM808X/beginner_tutorials/ros2_ws/install/cpp_pubsub/share/cpp_pubsub/launch
-- Installing: /home/dhanush/Documents/HW/ENPM808X/beginner_tutorials/ros2_ws/install/cpp_pubsub/share/cpp_pubsub/launch/pubsublaunch.yaml
-- Installing: /home/dhanush/Documents/HW/ENPM808X/beginner_tutorials/ros2_ws/install/cpp_pubsub/share/ament_index/resource_index/package_run_dependencies/cpp_pubsub
-- Installing: /home/dhanush/Documents/HW/ENPM808X/beginner_tutorials/ros2_ws/install/cpp_pubsub/share/ament_index/resource_index/parent_prefix_path/cpp_pubsub
-- Installing: /home/dhanush/Documents/HW/ENPM808X/beginner_tutorials/ros2_ws/install/cpp_pubsub/share/cpp_pubsub/environment/ament_prefix_path.sh
-- Installing: /home/dhanush/Documents/HW/ENPM808X/beginner_tutorials/ros2_ws/install/cpp_pubsub/share/cpp_pubsub/environment/ament_prefix_path.dsv
-- Installing: /home/dhanush/Documents/HW/ENPM808X/beginner_tutorials/ros2_ws/install/cpp_pubsub/share/cpp_pubsub/environment/path.sh
-- Installing: /home/dhanush/Documents/HW/ENPM808X/beginner_tutorials/ros2_ws/install/cpp_pubsub/share/cpp_pubsub/environment/path.dsv
-- Installing: /home/dhanush/Documents/HW/ENPM808X/beginner_tutorials/ros2_ws/install/cpp_pubsub/share/cpp_pubsub/local_setup.bash
-- Installing: /home/dhanush/Documents/HW/ENPM808X/beginner_tutorials/ros2_ws/install/cpp_pubsub/share/cpp_pubsub/local_setup.sh
-- Installing: /home/dhanush/Documents/HW/ENPM808X/beginner_tutorials/ros2_ws/install/cpp_pubsub/share/cpp_pubsub/local_setup.zsh
-- Installing: /home/dhanush/Documents/HW/ENPM808X/beginner_tutorials/ros2_ws/install/cpp_pubsub/share/cpp_pubsub/local_setup.dsv
-- Installing: /home/dhanush/Documents/HW/ENPM808X/beginner_tutorials/ros2_ws/install/cpp_pubsub/share/cpp_pubsub/package.dsv
-- Installing: /home/dhanush/Documents/HW/ENPM808X/beginner_tutorials/ros2_ws/install/cpp_pubsub/share/ament_index/resource_index/packages/cpp_pubsub
-- Installing: /home/dhanush/Documents/HW/ENPM808X/beginner_tutorials/ros2_ws/install/cpp_pubsub/share/cpp_pubsub/cmake/export_cpp_pubsub__rosidl_generator_cExport.cmake
-- Installing: /home/dhanush/Documents/HW/ENPM808X/beginner_tutorials/ros2_ws/install/cpp_pubsub/share/cpp_pubsub/cmake/export_cpp_pubsub__rosidl_generator_cExport-noconfig.cmake
-- Installing: /home/dhanush/Documents/HW/ENPM808X/beginner_tutorials/ros2_ws/install/cpp_pubsub/share/cpp_pubsub/cmake/export_cpp_pubsub__rosidl_typesupport_fastrtps_cExport.cmake
-- Installing: /home/dhanush/Documents/HW/ENPM808X/beginner_tutorials/ros2_ws/install/cpp_pubsub/share/cpp_pubsub/cmake/export_cpp_pubsub__rosidl_typesupport_fastrtps_cExport-noconfig.cmake
-- Installing: /home/dhanush/Documents/HW/ENPM808X/beginner_tutorials/ros2_ws/install/cpp_pubsub/share/cpp_pubsub/cmake/export_cpp_pubsub__rosidl_generator_cppExport.cmake
-- Installing: /home/dhanush/Documents/HW/ENPM808X/beginner_tutorials/ros2_ws/install/cpp_pubsub/share/cpp_pubsub/cmake/export_cpp_pubsub__rosidl_typesupport_fastrtps_cppExport.cmake
-- Installing: /home/dhanush/Documents/HW/ENPM808X/beginner_tutorials/ros2_ws/install/cpp_pubsub/share/cpp_pubsub/cmake/export_cpp_pubsub__rosidl_typesupport_fastrtps_cppExport-noconfig.cmake
-- Installing: /home/dhanush/Documents/HW/ENPM808X/beginner_tutorials/ros2_ws/install/cpp_pubsub/share/cpp_pubsub/cmake/cpp_pubsub__rosidl_typesupport_introspection_cExport.cmake
-- Installing: /home/dhanush/Documents/HW/ENPM808X/beginner_tutorials/ros2_ws/install/cpp_pubsub/share/cpp_pubsub/cmake/cpp_pubsub__rosidl_typesupport_introspection_cExport-noconfig.cmake
-- Installing: /home/dhanush/Documents/HW/ENPM808X/beginner_tutorials/ros2_ws/install/cpp_pubsub/share/cpp_pubsub/cmake/cpp_pubsub__rosidl_typesupport_cExport.cmake
-- Installing: /home/dhanush/Documents/HW/ENPM808X/beginner_tutorials/ros2_ws/install/cpp_pubsub/share/cpp_pubsub/cmake/cpp_pubsub__rosidl_typesupport_cExport-noconfig.cmake
-- Installing: /home/dhanush/Documents/HW/ENPM808X/beginner_tutorials/ros2_ws/install/cpp_pubsub/share/cpp_pubsub/cmake/cpp_pubsub__rosidl_typesupport_introspection_cppExport.cmake
-- Installing: /home/dhanush/Documents/HW/ENPM808X/beginner_tutorials/ros2_ws/install/cpp_pubsub/share/cpp_pubsub/cmake/cpp_pubsub__rosidl_typesupport_introspection_cppExport-noconfig.cmake
-- Installing: /home/dhanush/Documents/HW/ENPM808X/beginner_tutorials/ros2_ws/install/cpp_pubsub/share/cpp_pubsub/cmake/cpp_pubsub__rosidl_typesupport_cppExport.cmake
-- Installing: /home/dhanush/Documents/HW/ENPM808X/beginner_tutorials/ros2_ws/install/cpp_pubsub/share/cpp_pubsub/cmake/cpp_pubsub__rosidl_typesupport_cppExport-noconfig.cmake
-- Installing: /home/dhanush/Documents/HW/ENPM808X/beginner_tutorials/ros2_ws/install/cpp_pubsub/share/cpp_pubsub/cmake/export_cpp_pubsub__rosidl_generator_pyExport.cmake
-- Installing: /home/dhanush/Documents/HW/ENPM808X/beginner_tutorials/ros2_ws/install/cpp_pubsub/share/cpp_pubsub/cmake/export_cpp_pubsub__rosidl_generator_pyExport-noconfig.cmake
-- Installing: /home/dhanush/Documents/HW/ENPM808X/beginner_tutorials/ros2_ws/install/cpp_pubsub/share/cpp_pubsub/cmake/ament_cmake_export_dependencies-extras.cmake
-- Installing: /home/dhanush/Documents/HW/ENPM808X/beginner_tutorials/ros2_ws/install/cpp_pubsub/share/cpp_pubsub/cmake/rosidl_cmake-extras.cmake
-- Installing: /home/dhanush/Documents/HW/ENPM808X/beginner_tutorials/ros2_ws/install/cpp_pubsub/share/cpp_pubsub/cmake/ament_cmake_export_include_directories-extras.cmake
-- Installing: /home/dhanush/Documents/HW/ENPM808X/beginner_tutorials/ros2_ws/install/cpp_pubsub/share/cpp_pubsub/cmake/ament_cmake_export_libraries-extras.cmake
-- Installing: /home/dhanush/Documents/HW/ENPM808X/beginner_tutorials/ros2_ws/install/cpp_pubsub/share/cpp_pubsub/cmake/ament_cmake_export_targets-extras.cmake
-- Installing: /home/dhanush/Documents/HW/ENPM808X/beginner_tutorials/ros2_ws/install/cpp_pubsub/share/cpp_pubsub/cmake/rosidl_cmake_export_typesupport_targets-extras.cmake
-- Installing: /home/dhanush/Documents/HW/ENPM808X/beginner_tutorials/ros2_ws/install/cpp_pubsub/share/cpp_pubsub/cmake/rosidl_cmake_export_typesupport_libraries-extras.cmake
-- Installing: /home/dhanush/Documents/HW/ENPM808X/beginner_tutorials/ros2_ws/install/cpp_pubsub/share/cpp_pubsub/cmake/cpp_pubsubConfig.cmake
-- Installing: /home/dhanush/Documents/HW/ENPM808X/beginner_tutorials/ros2_ws/install/cpp_pubsub/share/cpp_pubsub/cmake/cpp_pubsubConfig-version.cmake
-- Installing: /home/dhanush/Documents/HW/ENPM808X/beginner_tutorials/ros2_ws/install/cpp_pubsub/share/cpp_pubsub/package.xml
