[  5%] Built target cpp_pubsub__cpp
[ 10%] Built target cpp_pubsub__rosidl_generator_c
[ 16%] Built target listener
[ 16%] Built target ament_cmake_python_copy_cpp_pubsub
[ 24%] Built target cpp_pubsub__rosidl_typesupport_c
[ 32%] Built target cpp_pubsub__rosidl_typesupport_introspection_c
[ 40%] Built target cpp_pubsub__rosidl_typesupport_fastrtps_c
[ 48%] Built target cpp_pubsub__rosidl_typesupport_introspection_cpp
[ 56%] Built target cpp_pubsub__rosidl_typesupport_cpp
[ 64%] Built target cpp_pubsub__rosidl_typesupport_fastrtps_cpp
[ 64%] Built target cpp_pubsub
[ 67%] Built target cpp_pubsub__py
[ 70%] [32mBuilding CXX object CMakeFiles/talker.dir/src/publisher_member_function.cpp.o[0m
[ 75%] Built target client
[ 81%] Built target cpp_pubsub__rosidl_generator_py
[ 86%] Built target cpp_pubsub__rosidl_typesupport_introspection_c__pyext
[ 91%] Built target cpp_pubsub__rosidl_typesupport_fastrtps_c__pyext
[ 97%] Built target cpp_pubsub__rosidl_typesupport_c__pyext
running egg_info
writing cpp_pubsub.egg-info/PKG-INFO
writing dependency_links to cpp_pubsub.egg-info/dependency_links.txt
writing top-level names to cpp_pubsub.egg-info/top_level.txt
reading manifest file 'cpp_pubsub.egg-info/SOURCES.txt'
writing manifest file 'cpp_pubsub.egg-info/SOURCES.txt'
[ 97%] Built target ament_cmake_python_build_cpp_pubsub_egg
