[ 10%] Built target cpp_pubsub__rosidl_generator_c
[ 10%] Built target cpp_pubsub__cpp
[ 16%] Built target listener
[ 16%] Built target ament_cmake_python_copy_cpp_pubsub
[ 24%] Built target cpp_pubsub__rosidl_typesupport_introspection_cpp
[ 32%] Built target cpp_pubsub__rosidl_typesupport_c
[ 40%] Built target cpp_pubsub__rosidl_typesupport_cpp
[ 48%] Built target cpp_pubsub__rosidl_typesupport_introspection_c
[ 56%] Built target cpp_pubsub__rosidl_typesupport_fastrtps_cpp
[ 64%] Built target cpp_pubsub__rosidl_typesupport_fastrtps_c
[ 64%] Built target cpp_pubsub
[ 67%] Built target cpp_pubsub__py
[ 78%] Built target talker
[ 78%] Built target client
[ 83%] Built target cpp_pubsub__rosidl_generator_py
[ 94%] Built target cpp_pubsub__rosidl_typesupport_introspection_c__pyext
[ 94%] Built target cpp_pubsub__rosidl_typesupport_c__pyext
[100%] Built target cpp_pubsub__rosidl_typesupport_fastrtps_c__pyext
running egg_info
writing cpp_pubsub.egg-info/PKG-INFO
writing dependency_links to cpp_pubsub.egg-info/dependency_links.txt
writing top-level names to cpp_pubsub.egg-info/top_level.txt
reading manifest file 'cpp_pubsub.egg-info/SOURCES.txt'
writing manifest file 'cpp_pubsub.egg-info/SOURCES.txt'
[100%] Built target ament_cmake_python_build_cpp_pubsub_egg
-- Install configuration: ""
-- Up-to-date: /home/dhanush/Documents/HW/ENPM808X/beginner_tutorials/install/cpp_pubsub/share/ament_index/resource_index/rosidl_interfaces/cpp_pubsub
-- Up-to-date: /home/dhanush/Documents/HW/ENPM808X/beginner_tutorials/install/cpp_pubsub/include/cpp_pubsub/cpp_pubsub
-- Up-to-date: /home/dhanush/Documents/HW/ENPM808X/beginner_tutorials/install/cpp_pubsub/include/cpp_pubsub/cpp_pubsub/srv
-- Up-to-date: /home/dhanush/Documents/HW/ENPM808X/beginner_tutorials/install/cpp_pubsub/include/cpp_pubsub/cpp_pubsub/srv/strings.h
-- Up-to-date: /home/dhanush/Documents/HW/ENPM808X/beginner_tutorials/install/cpp_pubsub/include/cpp_pubsub/cpp_pubsub/srv/detail
-- Up-to-date: /home/dhanush/Documents/HW/ENPM808X/beginner_tutorials/install/cpp_pubsub/include/cpp_pubsub/cpp_pubsub/srv/detail/strings__type_support.h
-- Up-to-date: /home/dhanush/Documents/HW/ENPM808X/beginner_tutorials/install/cpp_pubsub/include/cpp_pubsub/cpp_pubsub/srv/detail/strings__functions.c
-- Up-to-date: /home/dhanush/Documents/HW/ENPM808X/beginner_tutorials/install/cpp_pubsub/include/cpp_pubsub/cpp_pubsub/srv/detail/strings__struct.h
-- Up-to-date: /home/dhanush/Documents/HW/ENPM808X/beginner_tutorials/install/cpp_pubsub/include/cpp_pubsub/cpp_pubsub/srv/detail/strings__functions.h
-- Up-to-date: /home/dhanush/Documents/HW/ENPM808X/beginner_tutorials/install/cpp_pubsub/include/cpp_pubsub/cpp_pubsub/msg
-- Up-to-date: /home/dhanush/Documents/HW/ENPM808X/beginner_tutorials/install/cpp_pubsub/include/cpp_pubsub/cpp_pubsub/msg/rosidl_generator_c__visibility_control.h
-- Up-to-date: /home/dhanush/Documents/HW/ENPM808X/beginner_tutorials/install/cpp_pubsub/share/cpp_pubsub/environment/library_path.sh
-- Up-to-date: /home/dhanush/Documents/HW/ENPM808X/beginner_tutorials/install/cpp_pubsub/share/cpp_pubsub/environment/library_path.dsv
-- Up-to-date: /home/dhanush/Documents/HW/ENPM808X/beginner_tutorials/install/cpp_pubsub/lib/libcpp_pubsub__rosidl_generator_c.so
-- Up-to-date: /home/dhanush/Documents/HW/ENPM808X/beginner_tutorials/install/cpp_pubsub/include/cpp_pubsub/cpp_pubsub
-- Up-to-date: /home/dhanush/Documents/HW/ENPM808X/beginner_tutorials/install/cpp_pubsub/include/cpp_pubsub/cpp_pubsub/srv
-- Up-to-date: /home/dhanush/Documents/HW/ENPM808X/beginner_tutorials/install/cpp_pubsub/include/cpp_pubsub/cpp_pubsub/srv/detail
-- Up-to-date: /home/dhanush/Documents/HW/ENPM808X/beginner_tutorials/install/cpp_pubsub/include/cpp_pubsub/cpp_pubsub/srv/detail/strings__rosidl_typesupport_fastrtps_c.h
-- Up-to-date: /home/dhanush/Documents/HW/ENPM808X/beginner_tutorials/install/cpp_pubsub/include/cpp_pubsub/cpp_pubsub/msg
-- Up-to-date: /home/dhanush/Documents/HW/ENPM808X/beginner_tutorials/install/cpp_pubsub/include/cpp_pubsub/cpp_pubsub/msg/rosidl_typesupport_fastrtps_c__visibility_control.h
-- Up-to-date: /home/dhanush/Documents/HW/ENPM808X/beginner_tutorials/install/cpp_pubsub/lib/libcpp_pubsub__rosidl_typesupport_fastrtps_c.so
-- Up-to-date: /home/dhanush/Documents/HW/ENPM808X/beginner_tutorials/install/cpp_pubsub/include/cpp_pubsub/cpp_pubsub
-- Up-to-date: /home/dhanush/Documents/HW/ENPM808X/beginner_tutorials/install/cpp_pubsub/include/cpp_pubsub/cpp_pubsub/srv
-- Up-to-date: /home/dhanush/Documents/HW/ENPM808X/beginner_tutorials/install/cpp_pubsub/include/cpp_pubsub/cpp_pubsub/srv/strings.hpp
-- Up-to-date: /home/dhanush/Documents/HW/ENPM808X/beginner_tutorials/install/cpp_pubsub/include/cpp_pubsub/cpp_pubsub/srv/detail
-- Up-to-date: /home/dhanush/Documents/HW/ENPM808X/beginner_tutorials/install/cpp_pubsub/include/cpp_pubsub/cpp_pubsub/srv/detail/strings__builder.hpp
-- Up-to-date: /home/dhanush/Documents/HW/ENPM808X/beginner_tutorials/install/cpp_pubsub/include/cpp_pubsub/cpp_pubsub/srv/detail/strings__struct.hpp
-- Up-to-date: /home/dhanush/Documents/HW/ENPM808X/beginner_tutorials/install/cpp_pubsub/include/cpp_pubsub/cpp_pubsub/srv/detail/strings__traits.hpp
-- Up-to-date: /home/dhanush/Documents/HW/ENPM808X/beginner_tutorials/install/cpp_pubsub/include/cpp_pubsub/cpp_pubsub
-- Up-to-date: /home/dhanush/Documents/HW/ENPM808X/beginner_tutorials/install/cpp_pubsub/include/cpp_pubsub/cpp_pubsub/srv
-- Up-to-date: /home/dhanush/Documents/HW/ENPM808X/beginner_tutorials/install/cpp_pubsub/include/cpp_pubsub/cpp_pubsub/srv/detail
-- Up-to-date: /home/dhanush/Documents/HW/ENPM808X/beginner_tutorials/install/cpp_pubsub/include/cpp_pubsub/cpp_pubsub/srv/detail/dds_fastrtps
-- Up-to-date: /home/dhanush/Documents/HW/ENPM808X/beginner_tutorials/install/cpp_pubsub/include/cpp_pubsub/cpp_pubsub/srv/detail/strings__rosidl_typesupport_fastrtps_cpp.hpp
-- Up-to-date: /home/dhanush/Documents/HW/ENPM808X/beginner_tutorials/install/cpp_pubsub/include/cpp_pubsub/cpp_pubsub/msg
-- Up-to-date: /home/dhanush/Documents/HW/ENPM808X/beginner_tutorials/install/cpp_pubsub/include/cpp_pubsub/cpp_pubsub/msg/rosidl_typesupport_fastrtps_cpp__visibility_control.h
-- Up-to-date: /home/dhanush/Documents/HW/ENPM808X/beginner_tutorials/install/cpp_pubsub/lib/libcpp_pubsub__rosidl_typesupport_fastrtps_cpp.so
-- Up-to-date: /home/dhanush/Documents/HW/ENPM808X/beginner_tutorials/install/cpp_pubsub/include/cpp_pubsub/cpp_pubsub
-- Up-to-date: /home/dhanush/Documents/HW/ENPM808X/beginner_tutorials/install/cpp_pubsub/include/cpp_pubsub/cpp_pubsub/srv
-- Up-to-date: /home/dhanush/Documents/HW/ENPM808X/beginner_tutorials/install/cpp_pubsub/include/cpp_pubsub/cpp_pubsub/srv/detail
-- Up-to-date: /home/dhanush/Documents/HW/ENPM808X/beginner_tutorials/install/cpp_pubsub/include/cpp_pubsub/cpp_pubsub/srv/detail/strings__type_support.c
-- Up-to-date: /home/dhanush/Documents/HW/ENPM808X/beginner_tutorials/install/cpp_pubsub/include/cpp_pubsub/cpp_pubsub/srv/detail/strings__rosidl_typesupport_introspection_c.h
-- Up-to-date: /home/dhanush/Documents/HW/ENPM808X/beginner_tutorials/install/cpp_pubsub/include/cpp_pubsub/cpp_pubsub/msg
-- Up-to-date: /home/dhanush/Documents/HW/ENPM808X/beginner_tutorials/install/cpp_pubsub/include/cpp_pubsub/cpp_pubsub/msg/rosidl_typesupport_introspection_c__visibility_control.h
-- Up-to-date: /home/dhanush/Documents/HW/ENPM808X/beginner_tutorials/install/cpp_pubsub/lib/libcpp_pubsub__rosidl_typesupport_introspection_c.so
-- Up-to-date: /home/dhanush/Documents/HW/ENPM808X/beginner_tutorials/install/cpp_pubsub/lib/libcpp_pubsub__rosidl_typesupport_c.so
-- Up-to-date: /home/dhanush/Documents/HW/ENPM808X/beginner_tutorials/install/cpp_pubsub/include/cpp_pubsub/cpp_pubsub
-- Up-to-date: /home/dhanush/Documents/HW/ENPM808X/beginner_tutorials/install/cpp_pubsub/include/cpp_pubsub/cpp_pubsub/srv
-- Up-to-date: /home/dhanush/Documents/HW/ENPM808X/beginner_tutorials/install/cpp_pubsub/include/cpp_pubsub/cpp_pubsub/srv/detail
-- Up-to-date: /home/dhanush/Documents/HW/ENPM808X/beginner_tutorials/install/cpp_pubsub/include/cpp_pubsub/cpp_pubsub/srv/detail/strings__rosidl_typesupport_introspection_cpp.hpp
-- Up-to-date: /home/dhanush/Documents/HW/ENPM808X/beginner_tutorials/install/cpp_pubsub/include/cpp_pubsub/cpp_pubsub/srv/detail/strings__type_support.cpp
-- Up-to-date: /home/dhanush/Documents/HW/ENPM808X/beginner_tutorials/install/cpp_pubsub/lib/libcpp_pubsub__rosidl_typesupport_introspection_cpp.so
-- Up-to-date: /home/dhanush/Documents/HW/ENPM808X/beginner_tutorials/install/cpp_pubsub/lib/libcpp_pubsub__rosidl_typesupport_cpp.so
-- Up-to-date: /home/dhanush/Documents/HW/ENPM808X/beginner_tutorials/install/cpp_pubsub/share/cpp_pubsub/environment/pythonpath.sh
-- Up-to-date: /home/dhanush/Documents/HW/ENPM808X/beginner_tutorials/install/cpp_pubsub/share/cpp_pubsub/environment/pythonpath.dsv
-- Up-to-date: /home/dhanush/Documents/HW/ENPM808X/beginner_tutorials/install/cpp_pubsub/lib/python3.8/site-packages/cpp_pubsub-0.0.0-py3.8.egg-info
-- Installing: /home/dhanush/Documents/HW/ENPM808X/beginner_tutorials/install/cpp_pubsub/lib/python3.8/site-packages/cpp_pubsub-0.0.0-py3.8.egg-info/SOURCES.txt
-- Installing: /home/dhanush/Documents/HW/ENPM808X/beginner_tutorials/install/cpp_pubsub/lib/python3.8/site-packages/cpp_pubsub-0.0.0-py3.8.egg-info/dependency_links.txt
-- Installing: /home/dhanush/Documents/HW/ENPM808X/beginner_tutorials/install/cpp_pubsub/lib/python3.8/site-packages/cpp_pubsub-0.0.0-py3.8.egg-info/PKG-INFO
-- Installing: /home/dhanush/Documents/HW/ENPM808X/beginner_tutorials/install/cpp_pubsub/lib/python3.8/site-packages/cpp_pubsub-0.0.0-py3.8.egg-info/top_level.txt
-- Up-to-date: /home/dhanush/Documents/HW/ENPM808X/beginner_tutorials/install/cpp_pubsub/lib/python3.8/site-packages/cpp_pubsub
-- Up-to-date: /home/dhanush/Documents/HW/ENPM808X/beginner_tutorials/install/cpp_pubsub/lib/python3.8/site-packages/cpp_pubsub/srv
-- Up-to-date: /home/dhanush/Documents/HW/ENPM808X/beginner_tutorials/install/cpp_pubsub/lib/python3.8/site-packages/cpp_pubsub/srv/_strings.py
-- Up-to-date: /home/dhanush/Documents/HW/ENPM808X/beginner_tutorials/install/cpp_pubsub/lib/python3.8/site-packages/cpp_pubsub/srv/_strings_s.c
-- Up-to-date: /home/dhanush/Documents/HW/ENPM808X/beginner_tutorials/install/cpp_pubsub/lib/python3.8/site-packages/cpp_pubsub/srv/__init__.py
-- Up-to-date: /home/dhanush/Documents/HW/ENPM808X/beginner_tutorials/install/cpp_pubsub/lib/python3.8/site-packages/cpp_pubsub/cpp_pubsub_s__rosidl_typesupport_fastrtps_c.cpython-38-x86_64-linux-gnu.so
-- Up-to-date: /home/dhanush/Documents/HW/ENPM808X/beginner_tutorials/install/cpp_pubsub/lib/python3.8/site-packages/cpp_pubsub/libcpp_pubsub__rosidl_generator_py.so
-- Up-to-date: /home/dhanush/Documents/HW/ENPM808X/beginner_tutorials/install/cpp_pubsub/lib/python3.8/site-packages/cpp_pubsub/_cpp_pubsub_s.ep.rosidl_typesupport_c.c
-- Up-to-date: /home/dhanush/Documents/HW/ENPM808X/beginner_tutorials/install/cpp_pubsub/lib/python3.8/site-packages/cpp_pubsub/__init__.py
-- Up-to-date: /home/dhanush/Documents/HW/ENPM808X/beginner_tutorials/install/cpp_pubsub/lib/python3.8/site-packages/cpp_pubsub/cpp_pubsub_s__rosidl_typesupport_c.cpython-38-x86_64-linux-gnu.so
-- Up-to-date: /home/dhanush/Documents/HW/ENPM808X/beginner_tutorials/install/cpp_pubsub/lib/python3.8/site-packages/cpp_pubsub/_cpp_pubsub_s.ep.rosidl_typesupport_fastrtps_c.c
-- Up-to-date: /home/dhanush/Documents/HW/ENPM808X/beginner_tutorials/install/cpp_pubsub/lib/python3.8/site-packages/cpp_pubsub/_cpp_pubsub_s.ep.rosidl_typesupport_introspection_c.c
-- Up-to-date: /home/dhanush/Documents/HW/ENPM808X/beginner_tutorials/install/cpp_pubsub/lib/python3.8/site-packages/cpp_pubsub/cpp_pubsub_s__rosidl_typesupport_introspection_c.cpython-38-x86_64-linux-gnu.so
Listing '/home/dhanush/Documents/HW/ENPM808X/beginner_tutorials/install/cpp_pubsub/lib/python3.8/site-packages/cpp_pubsub'...
Listing '/home/dhanush/Documents/HW/ENPM808X/beginner_tutorials/install/cpp_pubsub/lib/python3.8/site-packages/cpp_pubsub/srv'...
-- Up-to-date: /home/dhanush/Documents/HW/ENPM808X/beginner_tutorials/install/cpp_pubsub/lib/python3.8/site-packages/cpp_pubsub/cpp_pubsub_s__rosidl_typesupport_introspection_c.cpython-38-x86_64-linux-gnu.so
-- Up-to-date: /home/dhanush/Documents/HW/ENPM808X/beginner_tutorials/install/cpp_pubsub/lib/python3.8/site-packages/cpp_pubsub/cpp_pubsub_s__rosidl_typesupport_fastrtps_c.cpython-38-x86_64-linux-gnu.so
-- Up-to-date: /home/dhanush/Documents/HW/ENPM808X/beginner_tutorials/install/cpp_pubsub/lib/python3.8/site-packages/cpp_pubsub/cpp_pubsub_s__rosidl_typesupport_c.cpython-38-x86_64-linux-gnu.so
-- Up-to-date: /home/dhanush/Documents/HW/ENPM808X/beginner_tutorials/install/cpp_pubsub/lib/libcpp_pubsub__rosidl_generator_py.so
-- Up-to-date: /home/dhanush/Documents/HW/ENPM808X/beginner_tutorials/install/cpp_pubsub/share/cpp_pubsub/srv/Strings.idl
-- Up-to-date: /home/dhanush/Documents/HW/ENPM808X/beginner_tutorials/install/cpp_pubsub/share/cpp_pubsub/srv/Strings.srv
-- Up-to-date: /home/dhanush/Documents/HW/ENPM808X/beginner_tutorials/install/cpp_pubsub/share/cpp_pubsub/srv/Strings_Request.msg
-- Up-to-date: /home/dhanush/Documents/HW/ENPM808X/beginner_tutorials/install/cpp_pubsub/share/cpp_pubsub/srv/Strings_Response.msg
-- Up-to-date: /home/dhanush/Documents/HW/ENPM808X/beginner_tutorials/install/cpp_pubsub/lib/cpp_pubsub/talker
-- Up-to-date: /home/dhanush/Documents/HW/ENPM808X/beginner_tutorials/install/cpp_pubsub/lib/cpp_pubsub/listener
-- Up-to-date: /home/dhanush/Documents/HW/ENPM808X/beginner_tutorials/install/cpp_pubsub/lib/cpp_pubsub/client
-- Up-to-date: /home/dhanush/Documents/HW/ENPM808X/beginner_tutorials/install/cpp_pubsub/share/ament_index/resource_index/package_run_dependencies/cpp_pubsub
-- Up-to-date: /home/dhanush/Documents/HW/ENPM808X/beginner_tutorials/install/cpp_pubsub/share/ament_index/resource_index/parent_prefix_path/cpp_pubsub
-- Up-to-date: /home/dhanush/Documents/HW/ENPM808X/beginner_tutorials/install/cpp_pubsub/share/cpp_pubsub/environment/ament_prefix_path.dsv
-- Up-to-date: /home/dhanush/Documents/HW/ENPM808X/beginner_tutorials/install/cpp_pubsub/share/cpp_pubsub/environment/path.dsv
-- Up-to-date: /home/dhanush/Documents/HW/ENPM808X/beginner_tutorials/install/cpp_pubsub/share/cpp_pubsub/local_setup.bash
-- Up-to-date: /home/dhanush/Documents/HW/ENPM808X/beginner_tutorials/install/cpp_pubsub/share/cpp_pubsub/local_setup.sh
-- Up-to-date: /home/dhanush/Documents/HW/ENPM808X/beginner_tutorials/install/cpp_pubsub/share/cpp_pubsub/local_setup.zsh
-- Up-to-date: /home/dhanush/Documents/HW/ENPM808X/beginner_tutorials/install/cpp_pubsub/share/cpp_pubsub/local_setup.dsv
-- Installing: /home/dhanush/Documents/HW/ENPM808X/beginner_tutorials/install/cpp_pubsub/share/cpp_pubsub/package.dsv
-- Up-to-date: /home/dhanush/Documents/HW/ENPM808X/beginner_tutorials/install/cpp_pubsub/share/ament_index/resource_index/packages/cpp_pubsub
-- Up-to-date: /home/dhanush/Documents/HW/ENPM808X/beginner_tutorials/install/cpp_pubsub/share/cpp_pubsub/cmake/export_cpp_pubsub__rosidl_generator_cExport.cmake
-- Up-to-date: /home/dhanush/Documents/HW/ENPM808X/beginner_tutorials/install/cpp_pubsub/share/cpp_pubsub/cmake/export_cpp_pubsub__rosidl_generator_cExport-noconfig.cmake
-- Up-to-date: /home/dhanush/Documents/HW/ENPM808X/beginner_tutorials/install/cpp_pubsub/share/cpp_pubsub/cmake/export_cpp_pubsub__rosidl_typesupport_fastrtps_cExport.cmake
-- Up-to-date: /home/dhanush/Documents/HW/ENPM808X/beginner_tutorials/install/cpp_pubsub/share/cpp_pubsub/cmake/export_cpp_pubsub__rosidl_typesupport_fastrtps_cExport-noconfig.cmake
-- Up-to-date: /home/dhanush/Documents/HW/ENPM808X/beginner_tutorials/install/cpp_pubsub/share/cpp_pubsub/cmake/export_cpp_pubsub__rosidl_generator_cppExport.cmake
-- Up-to-date: /home/dhanush/Documents/HW/ENPM808X/beginner_tutorials/install/cpp_pubsub/share/cpp_pubsub/cmake/export_cpp_pubsub__rosidl_typesupport_fastrtps_cppExport.cmake
-- Up-to-date: /home/dhanush/Documents/HW/ENPM808X/beginner_tutorials/install/cpp_pubsub/share/cpp_pubsub/cmake/export_cpp_pubsub__rosidl_typesupport_fastrtps_cppExport-noconfig.cmake
-- Up-to-date: /home/dhanush/Documents/HW/ENPM808X/beginner_tutorials/install/cpp_pubsub/share/cpp_pubsub/cmake/cpp_pubsub__rosidl_typesupport_introspection_cExport.cmake
-- Up-to-date: /home/dhanush/Documents/HW/ENPM808X/beginner_tutorials/install/cpp_pubsub/share/cpp_pubsub/cmake/cpp_pubsub__rosidl_typesupport_introspection_cExport-noconfig.cmake
-- Up-to-date: /home/dhanush/Documents/HW/ENPM808X/beginner_tutorials/install/cpp_pubsub/share/cpp_pubsub/cmake/cpp_pubsub__rosidl_typesupport_cExport.cmake
-- Up-to-date: /home/dhanush/Documents/HW/ENPM808X/beginner_tutorials/install/cpp_pubsub/share/cpp_pubsub/cmake/cpp_pubsub__rosidl_typesupport_cExport-noconfig.cmake
-- Up-to-date: /home/dhanush/Documents/HW/ENPM808X/beginner_tutorials/install/cpp_pubsub/share/cpp_pubsub/cmake/cpp_pubsub__rosidl_typesupport_introspection_cppExport.cmake
-- Up-to-date: /home/dhanush/Documents/HW/ENPM808X/beginner_tutorials/install/cpp_pubsub/share/cpp_pubsub/cmake/cpp_pubsub__rosidl_typesupport_introspection_cppExport-noconfig.cmake
-- Up-to-date: /home/dhanush/Documents/HW/ENPM808X/beginner_tutorials/install/cpp_pubsub/share/cpp_pubsub/cmake/cpp_pubsub__rosidl_typesupport_cppExport.cmake
-- Up-to-date: /home/dhanush/Documents/HW/ENPM808X/beginner_tutorials/install/cpp_pubsub/share/cpp_pubsub/cmake/cpp_pubsub__rosidl_typesupport_cppExport-noconfig.cmake
-- Up-to-date: /home/dhanush/Documents/HW/ENPM808X/beginner_tutorials/install/cpp_pubsub/share/cpp_pubsub/cmake/export_cpp_pubsub__rosidl_generator_pyExport.cmake
-- Up-to-date: /home/dhanush/Documents/HW/ENPM808X/beginner_tutorials/install/cpp_pubsub/share/cpp_pubsub/cmake/export_cpp_pubsub__rosidl_generator_pyExport-noconfig.cmake
-- Up-to-date: /home/dhanush/Documents/HW/ENPM808X/beginner_tutorials/install/cpp_pubsub/share/cpp_pubsub/cmake/ament_cmake_export_dependencies-extras.cmake
-- Up-to-date: /home/dhanush/Documents/HW/ENPM808X/beginner_tutorials/install/cpp_pubsub/share/cpp_pubsub/cmake/rosidl_cmake-extras.cmake
-- Up-to-date: /home/dhanush/Documents/HW/ENPM808X/beginner_tutorials/install/cpp_pubsub/share/cpp_pubsub/cmake/ament_cmake_export_include_directories-extras.cmake
-- Up-to-date: /home/dhanush/Documents/HW/ENPM808X/beginner_tutorials/install/cpp_pubsub/share/cpp_pubsub/cmake/ament_cmake_export_libraries-extras.cmake
-- Up-to-date: /home/dhanush/Documents/HW/ENPM808X/beginner_tutorials/install/cpp_pubsub/share/cpp_pubsub/cmake/ament_cmake_export_targets-extras.cmake
-- Up-to-date: /home/dhanush/Documents/HW/ENPM808X/beginner_tutorials/install/cpp_pubsub/share/cpp_pubsub/cmake/rosidl_cmake_export_typesupport_targets-extras.cmake
-- Up-to-date: /home/dhanush/Documents/HW/ENPM808X/beginner_tutorials/install/cpp_pubsub/share/cpp_pubsub/cmake/rosidl_cmake_export_typesupport_libraries-extras.cmake
-- Up-to-date: /home/dhanush/Documents/HW/ENPM808X/beginner_tutorials/install/cpp_pubsub/share/cpp_pubsub/cmake/cpp_pubsubConfig.cmake
-- Up-to-date: /home/dhanush/Documents/HW/ENPM808X/beginner_tutorials/install/cpp_pubsub/share/cpp_pubsub/cmake/cpp_pubsubConfig-version.cmake
-- Up-to-date: /home/dhanush/Documents/HW/ENPM808X/beginner_tutorials/install/cpp_pubsub/share/cpp_pubsub/package.xml
