[ 10%] Built target cpp_pubsub__cpp
[ 10%] Built target cpp_pubsub__rosidl_generator_c
[ 10%] Built target ament_cmake_python_copy_cpp_pubsub
[ 16%] Built target listener
[ 24%] Built target cpp_pubsub__rosidl_typesupport_introspection_c
[ 32%] Built target cpp_pubsub__rosidl_typesupport_cpp
[ 40%] Built target cpp_pubsub__rosidl_typesupport_c
[ 48%] Built target cpp_pubsub__rosidl_typesupport_introspection_cpp
[ 56%] Built target cpp_pubsub__rosidl_typesupport_fastrtps_c
[ 64%] Built target cpp_pubsub__rosidl_typesupport_fastrtps_cpp
[ 64%] Built target cpp_pubsub
[35m[1mScanning dependencies of target talker[0m
[ 67%] Built target cpp_pubsub__py
[ 72%] Built target client
[ 75%] [32mBuilding CXX object CMakeFiles/talker.dir/src/publisher_member_function.cpp.o[0m
[ 81%] Built target cpp_pubsub__rosidl_generator_py
[ 86%] Built target cpp_pubsub__rosidl_typesupport_introspection_c__pyext
[ 91%] Built target cpp_pubsub__rosidl_typesupport_c__pyext
[ 97%] Built target cpp_pubsub__rosidl_typesupport_fastrtps_c__pyext
running egg_info
writing cpp_pubsub.egg-info/PKG-INFO
writing dependency_links to cpp_pubsub.egg-info/dependency_links.txt
writing top-level names to cpp_pubsub.egg-info/top_level.txt
reading manifest file 'cpp_pubsub.egg-info/SOURCES.txt'
writing manifest file 'cpp_pubsub.egg-info/SOURCES.txt'
[ 97%] Built target ament_cmake_python_build_cpp_pubsub_egg
[01m[K/home/dhanush/Documents/HW/ENPM808X/beginner_tutorials/ros2_ws/src/cpp_pubsub/src/publisher_member_function.cpp:[m[K In member function ‘[01m[Kvoid MinimalPublisher::make_transforms()[m[K’:
[01m[K/home/dhanush/Documents/HW/ENPM808X/beginner_tutorials/ros2_ws/src/cpp_pubsub/src/publisher_member_function.cpp:125:24:[m[K [01;31m[Kerror: [m[K‘[01m[Kmystaticturtle[m[K’ was not declared in this scope
  125 |     t.child_frame_id = [01;31m[Kmystaticturtle[m[K;
      |                        [01;31m[K^~~~~~~~~~~~~~[m[K
[01m[K/home/dhanush/Documents/HW/ENPM808X/beginner_tutorials/ros2_ws/src/cpp_pubsub/src/publisher_member_function.cpp:127:38:[m[K [01;31m[Kerror: [m[Kinvalid conversion from ‘[01m[Kint[m[K’ to ‘[01m[Kconst char*[m[K’ [[01;31m[K-fpermissive[m[K]
  127 |     t.transform.translation.x = atof([01;31m[K1[m[K);
      |                                      [01;31m[K^[m[K
      |                                      [01;31m[K|[m[K
      |                                      [01;31m[Kint[m[K
In file included from [01m[K/usr/include/c++/9/cstdlib:75[m[K,
                 from [01m[K/usr/include/c++/9/ext/string_conversions.h:41[m[K,
                 from [01m[K/usr/include/c++/9/bits/basic_string.h:6496[m[K,
                 from [01m[K/usr/include/c++/9/string:55[m[K,
                 from [01m[K/usr/include/c++/9/stdexcept:39[m[K,
                 from [01m[K/usr/include/c++/9/array:39[m[K,
                 from [01m[K/usr/include/c++/9/tuple:39[m[K,
                 from [01m[K/usr/include/c++/9/functional:54[m[K,
                 from [01m[K/home/dhanush/Documents/HW/ENPM808X/beginner_tutorials/ros2_ws/src/cpp_pubsub/src/publisher_member_function.cpp:13[m[K:
[01m[K/usr/include/stdlib.h:101:33:[m[K [01;36m[Knote: [m[K  initializing argument 1 of ‘[01m[Kdouble atof(const char*)[m[K’
  101 | extern double atof ([01;36m[Kconst char *__nptr[m[K)
      |                     [01;36m[K~~~~~~~~~~~~^~~~~~[m[K
[01m[K/home/dhanush/Documents/HW/ENPM808X/beginner_tutorials/ros2_ws/src/cpp_pubsub/src/publisher_member_function.cpp:128:38:[m[K [01;31m[Kerror: [m[Kinvalid conversion from ‘[01m[Kint[m[K’ to ‘[01m[Kconst char*[m[K’ [[01;31m[K-fpermissive[m[K]
  128 |     t.transform.translation.y = atof([01;31m[K2[m[K);
      |                                      [01;31m[K^[m[K
      |                                      [01;31m[K|[m[K
      |                                      [01;31m[Kint[m[K
In file included from [01m[K/usr/include/c++/9/cstdlib:75[m[K,
                 from [01m[K/usr/include/c++/9/ext/string_conversions.h:41[m[K,
                 from [01m[K/usr/include/c++/9/bits/basic_string.h:6496[m[K,
                 from [01m[K/usr/include/c++/9/string:55[m[K,
                 from [01m[K/usr/include/c++/9/stdexcept:39[m[K,
                 from [01m[K/usr/include/c++/9/array:39[m[K,
                 from [01m[K/usr/include/c++/9/tuple:39[m[K,
                 from [01m[K/usr/include/c++/9/functional:54[m[K,
                 from [01m[K/home/dhanush/Documents/HW/ENPM808X/beginner_tutorials/ros2_ws/src/cpp_pubsub/src/publisher_member_function.cpp:13[m[K:
[01m[K/usr/include/stdlib.h:101:33:[m[K [01;36m[Knote: [m[K  initializing argument 1 of ‘[01m[Kdouble atof(const char*)[m[K’
  101 | extern double atof ([01;36m[Kconst char *__nptr[m[K)
      |                     [01;36m[K~~~~~~~~~~~~^~~~~~[m[K
[01m[K/home/dhanush/Documents/HW/ENPM808X/beginner_tutorials/ros2_ws/src/cpp_pubsub/src/publisher_member_function.cpp:129:38:[m[K [01;31m[Kerror: [m[Kinvalid conversion from ‘[01m[Kint[m[K’ to ‘[01m[Kconst char*[m[K’ [[01;31m[K-fpermissive[m[K]
  129 |     t.transform.translation.z = atof([01;31m[K3[m[K);
      |                                      [01;31m[K^[m[K
      |                                      [01;31m[K|[m[K
      |                                      [01;31m[Kint[m[K
In file included from [01m[K/usr/include/c++/9/cstdlib:75[m[K,
                 from [01m[K/usr/include/c++/9/ext/string_conversions.h:41[m[K,
                 from [01m[K/usr/include/c++/9/bits/basic_string.h:6496[m[K,
                 from [01m[K/usr/include/c++/9/string:55[m[K,
                 from [01m[K/usr/include/c++/9/stdexcept:39[m[K,
                 from [01m[K/usr/include/c++/9/array:39[m[K,
                 from [01m[K/usr/include/c++/9/tuple:39[m[K,
                 from [01m[K/usr/include/c++/9/functional:54[m[K,
                 from [01m[K/home/dhanush/Documents/HW/ENPM808X/beginner_tutorials/ros2_ws/src/cpp_pubsub/src/publisher_member_function.cpp:13[m[K:
[01m[K/usr/include/stdlib.h:101:33:[m[K [01;36m[Knote: [m[K  initializing argument 1 of ‘[01m[Kdouble atof(const char*)[m[K’
  101 | extern double atof ([01;36m[Kconst char *__nptr[m[K)
      |                     [01;36m[K~~~~~~~~~~~~^~~~~~[m[K
[01m[K/home/dhanush/Documents/HW/ENPM808X/beginner_tutorials/ros2_ws/src/cpp_pubsub/src/publisher_member_function.cpp:132:12:[m[K [01;31m[Kerror: [m[Kinvalid conversion from ‘[01m[Kint[m[K’ to ‘[01m[Kconst char*[m[K’ [[01;31m[K-fpermissive[m[K]
  132 |       atof([01;31m[K4[m[K),
      |            [01;31m[K^[m[K
      |            [01;31m[K|[m[K
      |            [01;31m[Kint[m[K
In file included from [01m[K/usr/include/c++/9/cstdlib:75[m[K,
                 from [01m[K/usr/include/c++/9/ext/string_conversions.h:41[m[K,
                 from [01m[K/usr/include/c++/9/bits/basic_string.h:6496[m[K,
                 from [01m[K/usr/include/c++/9/string:55[m[K,
                 from [01m[K/usr/include/c++/9/stdexcept:39[m[K,
                 from [01m[K/usr/include/c++/9/array:39[m[K,
                 from [01m[K/usr/include/c++/9/tuple:39[m[K,
                 from [01m[K/usr/include/c++/9/functional:54[m[K,
                 from [01m[K/home/dhanush/Documents/HW/ENPM808X/beginner_tutorials/ros2_ws/src/cpp_pubsub/src/publisher_member_function.cpp:13[m[K:
[01m[K/usr/include/stdlib.h:101:33:[m[K [01;36m[Knote: [m[K  initializing argument 1 of ‘[01m[Kdouble atof(const char*)[m[K’
  101 | extern double atof ([01;36m[Kconst char *__nptr[m[K)
      |                     [01;36m[K~~~~~~~~~~~~^~~~~~[m[K
[01m[K/home/dhanush/Documents/HW/ENPM808X/beginner_tutorials/ros2_ws/src/cpp_pubsub/src/publisher_member_function.cpp:133:12:[m[K [01;31m[Kerror: [m[Kinvalid conversion from ‘[01m[Kint[m[K’ to ‘[01m[Kconst char*[m[K’ [[01;31m[K-fpermissive[m[K]
  133 |       atof([01;31m[K5[m[K),
      |            [01;31m[K^[m[K
      |            [01;31m[K|[m[K
      |            [01;31m[Kint[m[K
In file included from [01m[K/usr/include/c++/9/cstdlib:75[m[K,
                 from [01m[K/usr/include/c++/9/ext/string_conversions.h:41[m[K,
                 from [01m[K/usr/include/c++/9/bits/basic_string.h:6496[m[K,
                 from [01m[K/usr/include/c++/9/string:55[m[K,
                 from [01m[K/usr/include/c++/9/stdexcept:39[m[K,
                 from [01m[K/usr/include/c++/9/array:39[m[K,
                 from [01m[K/usr/include/c++/9/tuple:39[m[K,
                 from [01m[K/usr/include/c++/9/functional:54[m[K,
                 from [01m[K/home/dhanush/Documents/HW/ENPM808X/beginner_tutorials/ros2_ws/src/cpp_pubsub/src/publisher_member_function.cpp:13[m[K:
[01m[K/usr/include/stdlib.h:101:33:[m[K [01;36m[Knote: [m[K  initializing argument 1 of ‘[01m[Kdouble atof(const char*)[m[K’
  101 | extern double atof ([01;36m[Kconst char *__nptr[m[K)
      |                     [01;36m[K~~~~~~~~~~~~^~~~~~[m[K
[01m[K/home/dhanush/Documents/HW/ENPM808X/beginner_tutorials/ros2_ws/src/cpp_pubsub/src/publisher_member_function.cpp:134:12:[m[K [01;31m[Kerror: [m[Kinvalid conversion from ‘[01m[Kint[m[K’ to ‘[01m[Kconst char*[m[K’ [[01;31m[K-fpermissive[m[K]
  134 |       atof([01;31m[K6[m[K));
      |            [01;31m[K^[m[K
      |            [01;31m[K|[m[K
      |            [01;31m[Kint[m[K
In file included from [01m[K/usr/include/c++/9/cstdlib:75[m[K,
                 from [01m[K/usr/include/c++/9/ext/string_conversions.h:41[m[K,
                 from [01m[K/usr/include/c++/9/bits/basic_string.h:6496[m[K,
                 from [01m[K/usr/include/c++/9/string:55[m[K,
                 from [01m[K/usr/include/c++/9/stdexcept:39[m[K,
                 from [01m[K/usr/include/c++/9/array:39[m[K,
                 from [01m[K/usr/include/c++/9/tuple:39[m[K,
                 from [01m[K/usr/include/c++/9/functional:54[m[K,
                 from [01m[K/home/dhanush/Documents/HW/ENPM808X/beginner_tutorials/ros2_ws/src/cpp_pubsub/src/publisher_member_function.cpp:13[m[K:
[01m[K/usr/include/stdlib.h:101:33:[m[K [01;36m[Knote: [m[K  initializing argument 1 of ‘[01m[Kdouble atof(const char*)[m[K’
  101 | extern double atof ([01;36m[Kconst char *__nptr[m[K)
      |                     [01;36m[K~~~~~~~~~~~~^~~~~~[m[K
make[2]: *** [CMakeFiles/talker.dir/build.make:63: CMakeFiles/talker.dir/src/publisher_member_function.cpp.o] Error 1
make[1]: *** [CMakeFiles/Makefile2:188: CMakeFiles/talker.dir/all] Error 2
make: *** [Makefile:141: all] Error 2
