[2.717s] DEBUG:colcon:Command line arguments: ['/usr/bin/colcon', 'build', '--packages-select', 'cpp_pubsub']
[2.717s] DEBUG:colcon:Parsed command line arguments: Namespace(allow_overriding=[], ament_cmake_args=None, base_paths=['.'], build_base='build', catkin_cmake_args=None, catkin_skip_building_tests=False, cmake_args=None, cmake_clean_cache=False, cmake_clean_first=False, cmake_force_configure=False, cmake_target=None, cmake_target_skip_unavailable=False, continue_on_error=False, event_handlers=None, executor='parallel', ignore_user_meta=False, install_base='install', log_base=None, log_level=None, main=<bound method BuildVerb.main of <colcon_core.verb.build.BuildVerb object at 0x7fd0d942adc0>>, merge_install=False, metas=['./colcon.meta'], packages_above=None, packages_above_and_dependencies=None, packages_above_depth=None, packages_end=None, packages_ignore=None, packages_ignore_regex=None, packages_select=['cpp_pubsub'], packages_select_build_failed=False, packages_select_by_dep=None, packages_select_regex=None, packages_select_test_failures=False, packages_skip=None, packages_skip_build_finished=False, packages_skip_by_dep=None, packages_skip_regex=None, packages_skip_test_passed=False, packages_skip_up_to=None, packages_start=None, packages_up_to=None, packages_up_to_regex=None, parallel_workers=8, paths=None, symlink_install=False, test_result_base=None, verb_extension=<colcon_core.verb.build.BuildVerb object at 0x7fd0d942adc0>, verb_name='build', verb_parser=<colcon_defaults.argument_parser.defaults.DefaultArgumentsDecorator object at 0x7fd0d93b2370>)
[3.645s] Level 1:colcon.colcon_core.package_discovery:discover_packages(colcon_meta) check parameters
[3.645s] Level 1:colcon.colcon_core.package_discovery:discover_packages(recursive) check parameters
[3.646s] Level 1:colcon.colcon_core.package_discovery:discover_packages(ignore) check parameters
[3.646s] Level 1:colcon.colcon_core.package_discovery:discover_packages(path) check parameters
[3.646s] Level 1:colcon.colcon_core.package_discovery:discover_packages(colcon_meta) discover
[3.646s] Level 1:colcon.colcon_core.package_discovery:discover_packages(recursive) discover
[3.646s] INFO:colcon.colcon_core.package_discovery:Crawling recursively for packages in '/home/dhanush/Documents/HW/ENPM808X/beginner_tutorials/ros2_ws'
[3.647s] Level 1:colcon.colcon_core.package_identification:_identify(.) by extensions ['ignore', 'ignore_ament_install']
[3.648s] Level 1:colcon.colcon_core.package_identification:_identify(.) by extension 'ignore'
[3.648s] Level 1:colcon.colcon_core.package_identification:_identify(.) by extension 'ignore_ament_install'
[3.648s] Level 1:colcon.colcon_core.package_identification:_identify(.) by extensions ['colcon_pkg']
[3.649s] Level 1:colcon.colcon_core.package_identification:_identify(.) by extension 'colcon_pkg'
[3.649s] Level 1:colcon.colcon_core.package_identification:_identify(.) by extensions ['colcon_meta']
[3.649s] Level 1:colcon.colcon_core.package_identification:_identify(.) by extension 'colcon_meta'
[3.649s] Level 1:colcon.colcon_core.package_identification:_identify(.) by extensions ['ros']
[3.649s] Level 1:colcon.colcon_core.package_identification:_identify(.) by extension 'ros'
[3.762s] Level 1:colcon.colcon_core.package_identification:_identify(.) by extensions ['cmake', 'python']
[3.762s] Level 1:colcon.colcon_core.package_identification:_identify(.) by extension 'cmake'
[3.762s] Level 1:colcon.colcon_core.package_identification:_identify(.) by extension 'python'
[3.762s] Level 1:colcon.colcon_core.package_identification:_identify(.) by extensions ['python_setup_py']
[3.762s] Level 1:colcon.colcon_core.package_identification:_identify(.) by extension 'python_setup_py'
[3.762s] Level 1:colcon.colcon_core.package_identification:_identify(build) by extensions ['ignore', 'ignore_ament_install']
[3.762s] Level 1:colcon.colcon_core.package_identification:_identify(build) by extension 'ignore'
[3.762s] Level 1:colcon.colcon_core.package_identification:_identify(build) ignored
[3.763s] Level 1:colcon.colcon_core.package_identification:_identify(install) by extensions ['ignore', 'ignore_ament_install']
[3.763s] Level 1:colcon.colcon_core.package_identification:_identify(install) by extension 'ignore'
[3.763s] Level 1:colcon.colcon_core.package_identification:_identify(install) ignored
[3.763s] Level 1:colcon.colcon_core.package_identification:_identify(log) by extensions ['ignore', 'ignore_ament_install']
[3.763s] Level 1:colcon.colcon_core.package_identification:_identify(log) by extension 'ignore'
[3.763s] Level 1:colcon.colcon_core.package_identification:_identify(log) ignored
[3.763s] Level 1:colcon.colcon_core.package_identification:_identify(src) by extensions ['ignore', 'ignore_ament_install']
[3.763s] Level 1:colcon.colcon_core.package_identification:_identify(src) by extension 'ignore'
[3.763s] Level 1:colcon.colcon_core.package_identification:_identify(src) by extension 'ignore_ament_install'
[3.764s] Level 1:colcon.colcon_core.package_identification:_identify(src) by extensions ['colcon_pkg']
[3.764s] Level 1:colcon.colcon_core.package_identification:_identify(src) by extension 'colcon_pkg'
[3.764s] Level 1:colcon.colcon_core.package_identification:_identify(src) by extensions ['colcon_meta']
[3.764s] Level 1:colcon.colcon_core.package_identification:_identify(src) by extension 'colcon_meta'
[3.764s] Level 1:colcon.colcon_core.package_identification:_identify(src) by extensions ['ros']
[3.764s] Level 1:colcon.colcon_core.package_identification:_identify(src) by extension 'ros'
[3.764s] Level 1:colcon.colcon_core.package_identification:_identify(src) by extensions ['cmake', 'python']
[3.764s] Level 1:colcon.colcon_core.package_identification:_identify(src) by extension 'cmake'
[3.764s] Level 1:colcon.colcon_core.package_identification:_identify(src) by extension 'python'
[3.764s] Level 1:colcon.colcon_core.package_identification:_identify(src) by extensions ['python_setup_py']
[3.764s] Level 1:colcon.colcon_core.package_identification:_identify(src) by extension 'python_setup_py'
[3.764s] Level 1:colcon.colcon_core.package_identification:_identify(src/cpp_pubsub) by extensions ['ignore', 'ignore_ament_install']
[3.764s] Level 1:colcon.colcon_core.package_identification:_identify(src/cpp_pubsub) by extension 'ignore'
[3.765s] Level 1:colcon.colcon_core.package_identification:_identify(src/cpp_pubsub) by extension 'ignore_ament_install'
[3.765s] Level 1:colcon.colcon_core.package_identification:_identify(src/cpp_pubsub) by extensions ['colcon_pkg']
[3.765s] Level 1:colcon.colcon_core.package_identification:_identify(src/cpp_pubsub) by extension 'colcon_pkg'
[3.765s] Level 1:colcon.colcon_core.package_identification:_identify(src/cpp_pubsub) by extensions ['colcon_meta']
[3.765s] Level 1:colcon.colcon_core.package_identification:_identify(src/cpp_pubsub) by extension 'colcon_meta'
[3.765s] Level 1:colcon.colcon_core.package_identification:_identify(src/cpp_pubsub) by extensions ['ros']
[3.765s] Level 1:colcon.colcon_core.package_identification:_identify(src/cpp_pubsub) by extension 'ros'
[3.793s] DEBUG:colcon.colcon_core.package_identification:Package 'src/cpp_pubsub' with type 'ros.ament_cmake' and name 'cpp_pubsub'
[3.793s] Level 1:colcon.colcon_core.package_discovery:discover_packages(recursive) using defaults
[3.794s] Level 1:colcon.colcon_core.package_discovery:discover_packages(ignore) discover
[3.794s] Level 1:colcon.colcon_core.package_discovery:discover_packages(ignore) using defaults
[3.794s] Level 1:colcon.colcon_core.package_discovery:discover_packages(path) discover
[3.794s] Level 1:colcon.colcon_core.package_discovery:discover_packages(path) using defaults
[4.046s] Level 1:colcon.colcon_core.package_discovery:discover_packages(prefix_path) check parameters
[4.046s] Level 1:colcon.colcon_core.package_discovery:discover_packages(prefix_path) discover
[4.121s] DEBUG:colcon.colcon_installed_package_information.package_discovery:Found 340 installed packages in /home/dhanush/ros2_humble/install
[4.145s] Level 1:colcon.colcon_core.package_discovery:discover_packages(prefix_path) using defaults
[15.475s] Level 5:colcon.colcon_core.verb:set package 'cpp_pubsub' build argument 'cmake_args' from command line to 'None'
[15.475s] Level 5:colcon.colcon_core.verb:set package 'cpp_pubsub' build argument 'cmake_target' from command line to 'None'
[15.475s] Level 5:colcon.colcon_core.verb:set package 'cpp_pubsub' build argument 'cmake_target_skip_unavailable' from command line to 'False'
[15.476s] Level 5:colcon.colcon_core.verb:set package 'cpp_pubsub' build argument 'cmake_clean_cache' from command line to 'False'
[15.476s] Level 5:colcon.colcon_core.verb:set package 'cpp_pubsub' build argument 'cmake_clean_first' from command line to 'False'
[15.476s] Level 5:colcon.colcon_core.verb:set package 'cpp_pubsub' build argument 'cmake_force_configure' from command line to 'False'
[15.476s] Level 5:colcon.colcon_core.verb:set package 'cpp_pubsub' build argument 'ament_cmake_args' from command line to 'None'
[15.476s] Level 5:colcon.colcon_core.verb:set package 'cpp_pubsub' build argument 'catkin_cmake_args' from command line to 'None'
[15.476s] Level 5:colcon.colcon_core.verb:set package 'cpp_pubsub' build argument 'catkin_skip_building_tests' from command line to 'False'
[15.476s] DEBUG:colcon.colcon_core.verb:Building package 'cpp_pubsub' with the following arguments: {'ament_cmake_args': None, 'build_base': '/home/dhanush/Documents/HW/ENPM808X/beginner_tutorials/ros2_ws/build/cpp_pubsub', 'catkin_cmake_args': None, 'catkin_skip_building_tests': False, 'cmake_args': None, 'cmake_clean_cache': False, 'cmake_clean_first': False, 'cmake_force_configure': False, 'cmake_target': None, 'cmake_target_skip_unavailable': False, 'install_base': '/home/dhanush/Documents/HW/ENPM808X/beginner_tutorials/ros2_ws/install/cpp_pubsub', 'merge_install': False, 'path': '/home/dhanush/Documents/HW/ENPM808X/beginner_tutorials/ros2_ws/src/cpp_pubsub', 'symlink_install': False, 'test_result_base': None}
[15.477s] INFO:colcon.colcon_core.executor:Executing jobs using 'parallel' executor
[15.485s] DEBUG:colcon.colcon_parallel_executor.executor.parallel:run_until_complete
[15.485s] INFO:colcon.colcon_ros.task.ament_cmake.build:Building ROS package in '/home/dhanush/Documents/HW/ENPM808X/beginner_tutorials/ros2_ws/src/cpp_pubsub' with build type 'ament_cmake'
[15.486s] INFO:colcon.colcon_cmake.task.cmake.build:Building CMake package in '/home/dhanush/Documents/HW/ENPM808X/beginner_tutorials/ros2_ws/src/cpp_pubsub'
[15.667s] INFO:colcon.colcon_core.plugin_system:Skipping extension 'colcon_core.shell.bat': Not used on non-Windows systems
[15.668s] INFO:colcon.colcon_core.shell:Skip shell extension 'powershell' for command environment: Not usable outside of PowerShell
[15.668s] DEBUG:colcon.colcon_core.shell:Skip shell extension 'dsv' for command environment
[15.713s] DEBUG:colcon.colcon_core.shell:Ignoring prefix path '/home/dhanush/catkin_ws/devel'
[15.716s] DEBUG:colcon.colcon_core.shell:Ignoring prefix path '/opt/ros/noetic'
[15.752s] DEBUG:colcon.colcon_core.event_handler.log_command:Invoking command in '/home/dhanush/Documents/HW/ENPM808X/beginner_tutorials/ros2_ws/build/cpp_pubsub': /usr/bin/cmake /home/dhanush/Documents/HW/ENPM808X/beginner_tutorials/ros2_ws/src/cpp_pubsub -DCMAKE_INSTALL_PREFIX=/home/dhanush/Documents/HW/ENPM808X/beginner_tutorials/ros2_ws/install/cpp_pubsub
[21.359s] DEBUG:colcon.colcon_core.event_handler.log_command:Invoked command in '/home/dhanush/Documents/HW/ENPM808X/beginner_tutorials/ros2_ws/build/cpp_pubsub' returned '1': /usr/bin/cmake /home/dhanush/Documents/HW/ENPM808X/beginner_tutorials/ros2_ws/src/cpp_pubsub -DCMAKE_INSTALL_PREFIX=/home/dhanush/Documents/HW/ENPM808X/beginner_tutorials/ros2_ws/install/cpp_pubsub
[21.377s] Level 1:colcon.colcon_core.environment:create_environment_scripts_only(cpp_pubsub)
[21.623s] Level 1:colcon.colcon_core.environment:checking '/home/dhanush/Documents/HW/ENPM808X/beginner_tutorials/ros2_ws/install/cpp_pubsub' for CMake module files
[21.625s] Level 1:colcon.colcon_core.environment:checking '/home/dhanush/Documents/HW/ENPM808X/beginner_tutorials/ros2_ws/install/cpp_pubsub' for CMake config files
[21.626s] Level 1:colcon.colcon_core.environment:checking '/home/dhanush/Documents/HW/ENPM808X/beginner_tutorials/ros2_ws/install/cpp_pubsub/bin'
[21.628s] Level 1:colcon.colcon_core.environment:checking '/home/dhanush/Documents/HW/ENPM808X/beginner_tutorials/ros2_ws/install/cpp_pubsub/lib/pkgconfig/cpp_pubsub.pc'
[21.666s] Level 1:colcon.colcon_core.environment:checking '/home/dhanush/Documents/HW/ENPM808X/beginner_tutorials/ros2_ws/install/cpp_pubsub/lib/python3.8/site-packages'
[21.667s] Level 1:colcon.colcon_core.environment:checking '/home/dhanush/Documents/HW/ENPM808X/beginner_tutorials/ros2_ws/install/cpp_pubsub/bin'
[21.673s] INFO:colcon.colcon_core.shell:Creating package script '/home/dhanush/Documents/HW/ENPM808X/beginner_tutorials/ros2_ws/install/cpp_pubsub/share/cpp_pubsub/package.ps1'
[21.732s] INFO:colcon.colcon_core.shell:Creating package descriptor '/home/dhanush/Documents/HW/ENPM808X/beginner_tutorials/ros2_ws/install/cpp_pubsub/share/cpp_pubsub/package.dsv'
[21.767s] INFO:colcon.colcon_core.shell:Creating package script '/home/dhanush/Documents/HW/ENPM808X/beginner_tutorials/ros2_ws/install/cpp_pubsub/share/cpp_pubsub/package.sh'
[21.772s] INFO:colcon.colcon_core.shell:Creating package script '/home/dhanush/Documents/HW/ENPM808X/beginner_tutorials/ros2_ws/install/cpp_pubsub/share/cpp_pubsub/package.bash'
[21.827s] INFO:colcon.colcon_core.shell:Creating package script '/home/dhanush/Documents/HW/ENPM808X/beginner_tutorials/ros2_ws/install/cpp_pubsub/share/cpp_pubsub/package.zsh'
[21.865s] Level 1:colcon.colcon_core.environment:create_file_with_runtime_dependencies(/home/dhanush/Documents/HW/ENPM808X/beginner_tutorials/ros2_ws/install/cpp_pubsub/share/colcon-core/packages/cpp_pubsub)
[21.877s] DEBUG:colcon.colcon_parallel_executor.executor.parallel:closing loop
[21.878s] DEBUG:colcon.colcon_parallel_executor.executor.parallel:loop closed
[21.878s] DEBUG:colcon.colcon_parallel_executor.executor.parallel:run_until_complete finished with '1'
[21.878s] DEBUG:colcon.colcon_core.event_reactor:joining thread
[21.914s] INFO:colcon.colcon_core.plugin_system:Skipping extension 'colcon_notification.desktop_notification.terminal_notifier': Not used on non-Darwin systems
[21.915s] INFO:colcon.colcon_core.plugin_system:Skipping extension 'colcon_notification.desktop_notification.win32': Not used on non-Windows systems
[21.915s] INFO:colcon.colcon_notification.desktop_notification:Sending desktop notification using 'notify2'
[21.939s] DEBUG:colcon.colcon_core.event_reactor:joined thread
[21.942s] INFO:colcon.colcon_core.shell:Creating prefix script '/home/dhanush/Documents/HW/ENPM808X/beginner_tutorials/ros2_ws/install/local_setup.ps1'
[21.947s] INFO:colcon.colcon_core.shell:Creating prefix util module '/home/dhanush/Documents/HW/ENPM808X/beginner_tutorials/ros2_ws/install/_local_setup_util_ps1.py'
[21.949s] INFO:colcon.colcon_core.shell:Creating prefix chain script '/home/dhanush/Documents/HW/ENPM808X/beginner_tutorials/ros2_ws/install/setup.ps1'
[21.951s] INFO:colcon.colcon_core.shell:Creating prefix script '/home/dhanush/Documents/HW/ENPM808X/beginner_tutorials/ros2_ws/install/local_setup.sh'
[21.952s] INFO:colcon.colcon_core.shell:Creating prefix util module '/home/dhanush/Documents/HW/ENPM808X/beginner_tutorials/ros2_ws/install/_local_setup_util_sh.py'
[21.952s] INFO:colcon.colcon_core.shell:Creating prefix chain script '/home/dhanush/Documents/HW/ENPM808X/beginner_tutorials/ros2_ws/install/setup.sh'
[21.955s] INFO:colcon.colcon_core.shell:Creating prefix script '/home/dhanush/Documents/HW/ENPM808X/beginner_tutorials/ros2_ws/install/local_setup.bash'
[21.956s] INFO:colcon.colcon_core.shell:Creating prefix chain script '/home/dhanush/Documents/HW/ENPM808X/beginner_tutorials/ros2_ws/install/setup.bash'
[21.958s] INFO:colcon.colcon_core.shell:Creating prefix script '/home/dhanush/Documents/HW/ENPM808X/beginner_tutorials/ros2_ws/install/local_setup.zsh'
[21.959s] INFO:colcon.colcon_core.shell:Creating prefix chain script '/home/dhanush/Documents/HW/ENPM808X/beginner_tutorials/ros2_ws/install/setup.zsh'
