-- Found ament_cmake: 1.3.2 (/home/dhanush/ros2_humble/install/ament_cmake/share/ament_cmake/cmake)
-- Found rclcpp: 16.0.1 (/home/dhanush/ros2_humble/install/rclcpp/share/rclcpp/cmake)
-- Found rosidl_generator_c: 3.1.3 (/home/dhanush/ros2_humble/install/rosidl_generator_c/share/rosidl_generator_c/cmake)
-- Found rosidl_adapter: 3.1.3 (/home/dhanush/ros2_humble/install/rosidl_adapter/share/rosidl_adapter/cmake)
-- Found rosidl_generator_cpp: 3.1.3 (/home/dhanush/ros2_humble/install/rosidl_generator_cpp/share/rosidl_generator_cpp/cmake)
-- Using all available rosidl_typesupport_c: rosidl_typesupport_introspection_c;rosidl_typesupport_fastrtps_c
-- Using all available rosidl_typesupport_cpp: rosidl_typesupport_introspection_cpp;rosidl_typesupport_fastrtps_cpp
-- Found rmw_implementation_cmake: 6.1.0 (/home/dhanush/ros2_humble/install/rmw_implementation_cmake/share/rmw_implementation_cmake/cmake)
-- Found rmw_fastrtps_cpp: 6.2.1 (/home/dhanush/ros2_humble/install/rmw_fastrtps_cpp/share/rmw_fastrtps_cpp/cmake)
-- Using RMW implementation 'rmw_fastrtps_cpp' as default
-- Found rosidl_default_generators: 1.2.0 (/home/dhanush/ros2_humble/install/rosidl_default_generators/share/rosidl_default_generators/cmake)
-- Found geometry_msgs: 4.2.2 (/home/dhanush/ros2_humble/install/geometry_msgs/share/geometry_msgs/cmake)
-- Found tf2: 0.25.1 (/home/dhanush/ros2_humble/install/tf2/share/tf2/cmake)
-- Found tf2_ros: 0.25.1 (/home/dhanush/ros2_humble/install/tf2_ros/share/tf2_ros/cmake)
-- Found ament_cmake_ros: 0.10.0 (/home/dhanush/ros2_humble/install/ament_cmake_ros/share/ament_cmake_ros/cmake)
-- Using all available rosidl_typesupport_c: rosidl_typesupport_introspection_c;rosidl_typesupport_fastrtps_c
-- Using all available rosidl_typesupport_cpp: rosidl_typesupport_introspection_cpp;rosidl_typesupport_fastrtps_cpp
-- Found python_cmake_module: 0.10.0 (/home/dhanush/ros2_humble/install/python_cmake_module/share/python_cmake_module/cmake)
-- Using PYTHON_EXECUTABLE: /usr/bin/python3
-- Using PYTHON_INCLUDE_DIRS: /usr/include/python3.8
-- Using PYTHON_LIBRARIES: /usr/lib/x86_64-linux-gnu/libpython3.8.so
-- Found gtest sources under '/home/dhanush/ros2_humble/install/gtest_vendor/src/gtest_vendor': C++ tests using 'Google Test' will be built
-- Check if compiler accepts -pthread
-- Check if compiler accepts -pthread - yes
-- Configuring done
-- Generating done
-- Build files have been written to: /home/dhanush/Documents/HW/ENPM808X/beginner_tutorials/ros2_ws/build/cpp_pubsub
[35m[1mScanning dependencies of target gtest[0m
[35m[1mScanning dependencies of target gtest_main[0m
[  2%] Built target cpp_pubsub__cpp
[  9%] Built target cpp_pubsub__rosidl_generator_c
[ 11%] [32mBuilding CXX object gtest/CMakeFiles/gtest.dir/src/gtest-all.cc.o[0m
[ 13%] [32mBuilding CXX object gtest/CMakeFiles/gtest_main.dir/src/gtest_main.cc.o[0m
[ 20%] Built target cpp_pubsub__rosidl_typesupport_cpp
[ 27%] Built target cpp_pubsub__rosidl_typesupport_fastrtps_cpp
[ 34%] Built target cpp_pubsub__rosidl_typesupport_fastrtps_c
[ 34%] Built target ament_cmake_python_copy_cpp_pubsub
[ 40%] Built target cpp_pubsub__rosidl_typesupport_c
[ 47%] Built target cpp_pubsub__rosidl_typesupport_introspection_cpp
[ 54%] Built target cpp_pubsub__rosidl_typesupport_introspection_c
[ 54%] Built target cpp_pubsub
[ 56%] Built target cpp_pubsub__py
[ 61%] Built target cpp_pubsub__rosidl_generator_py
[ 65%] Built target cpp_pubsub__rosidl_typesupport_c__pyext
[ 70%] Built target cpp_pubsub__rosidl_typesupport_introspection_c__pyext
[ 75%] Built target cpp_pubsub__rosidl_typesupport_fastrtps_c__pyext
[ 79%] Built target client
[ 84%] Built target listener
running egg_info
writing cpp_pubsub.egg-info/PKG-INFO
writing dependency_links to cpp_pubsub.egg-info/dependency_links.txt
writing top-level names to cpp_pubsub.egg-info/top_level.txt
[ 88%] Built target talker
reading manifest file 'cpp_pubsub.egg-info/SOURCES.txt'
writing manifest file 'cpp_pubsub.egg-info/SOURCES.txt'
[ 88%] Built target ament_cmake_python_build_cpp_pubsub_egg
[ 90%] [32m[1mLinking CXX static library libgtest_main.a[0m
[ 90%] Built target gtest_main
[ 93%] [32m[1mLinking CXX static library libgtest.a[0m
[ 93%] Built target gtest
[35m[1mScanning dependencies of target test_cpp_pubsub[0m
[ 97%] [32mBuilding CXX object CMakeFiles/test_cpp_pubsub.dir/test/test.cpp.o[0m
[ 97%] [32mBuilding CXX object CMakeFiles/test_cpp_pubsub.dir/test/main.cpp.o[0m
[100%] [32m[1mLinking CXX executable test_cpp_pubsub[0m
[100%] Built target test_cpp_pubsub
-- Install configuration: ""
-- Up-to-date: /home/dhanush/Documents/HW/ENPM808X/beginner_tutorials/ros2_ws/install/cpp_pubsub/share/ament_index/resource_index/rosidl_interfaces/cpp_pubsub
-- Up-to-date: /home/dhanush/Documents/HW/ENPM808X/beginner_tutorials/ros2_ws/install/cpp_pubsub/include/cpp_pubsub/cpp_pubsub
-- Up-to-date: /home/dhanush/Documents/HW/ENPM808X/beginner_tutorials/ros2_ws/install/cpp_pubsub/include/cpp_pubsub/cpp_pubsub/srv
-- Up-to-date: /home/dhanush/Documents/HW/ENPM808X/beginner_tutorials/ros2_ws/install/cpp_pubsub/include/cpp_pubsub/cpp_pubsub/srv/strings.h
-- Up-to-date: /home/dhanush/Documents/HW/ENPM808X/beginner_tutorials/ros2_ws/install/cpp_pubsub/include/cpp_pubsub/cpp_pubsub/srv/detail
-- Up-to-date: /home/dhanush/Documents/HW/ENPM808X/beginner_tutorials/ros2_ws/install/cpp_pubsub/include/cpp_pubsub/cpp_pubsub/srv/detail/strings__type_support.h
-- Up-to-date: /home/dhanush/Documents/HW/ENPM808X/beginner_tutorials/ros2_ws/install/cpp_pubsub/include/cpp_pubsub/cpp_pubsub/srv/detail/strings__functions.c
-- Up-to-date: /home/dhanush/Documents/HW/ENPM808X/beginner_tutorials/ros2_ws/install/cpp_pubsub/include/cpp_pubsub/cpp_pubsub/srv/detail/strings__struct.h
-- Up-to-date: /home/dhanush/Documents/HW/ENPM808X/beginner_tutorials/ros2_ws/install/cpp_pubsub/include/cpp_pubsub/cpp_pubsub/srv/detail/strings__functions.h
-- Up-to-date: /home/dhanush/Documents/HW/ENPM808X/beginner_tutorials/ros2_ws/install/cpp_pubsub/include/cpp_pubsub/cpp_pubsub/msg
-- Up-to-date: /home/dhanush/Documents/HW/ENPM808X/beginner_tutorials/ros2_ws/install/cpp_pubsub/include/cpp_pubsub/cpp_pubsub/msg/rosidl_generator_c__visibility_control.h
-- Up-to-date: /home/dhanush/Documents/HW/ENPM808X/beginner_tutorials/ros2_ws/install/cpp_pubsub/share/cpp_pubsub/environment/library_path.sh
-- Installing: /home/dhanush/Documents/HW/ENPM808X/beginner_tutorials/ros2_ws/install/cpp_pubsub/share/cpp_pubsub/environment/library_path.dsv
-- Up-to-date: /home/dhanush/Documents/HW/ENPM808X/beginner_tutorials/ros2_ws/install/cpp_pubsub/lib/libcpp_pubsub__rosidl_generator_c.so
-- Up-to-date: /home/dhanush/Documents/HW/ENPM808X/beginner_tutorials/ros2_ws/install/cpp_pubsub/include/cpp_pubsub/cpp_pubsub
-- Up-to-date: /home/dhanush/Documents/HW/ENPM808X/beginner_tutorials/ros2_ws/install/cpp_pubsub/include/cpp_pubsub/cpp_pubsub/srv
-- Up-to-date: /home/dhanush/Documents/HW/ENPM808X/beginner_tutorials/ros2_ws/install/cpp_pubsub/include/cpp_pubsub/cpp_pubsub/srv/detail
-- Up-to-date: /home/dhanush/Documents/HW/ENPM808X/beginner_tutorials/ros2_ws/install/cpp_pubsub/include/cpp_pubsub/cpp_pubsub/srv/detail/strings__rosidl_typesupport_fastrtps_c.h
-- Up-to-date: /home/dhanush/Documents/HW/ENPM808X/beginner_tutorials/ros2_ws/install/cpp_pubsub/include/cpp_pubsub/cpp_pubsub/msg
-- Up-to-date: /home/dhanush/Documents/HW/ENPM808X/beginner_tutorials/ros2_ws/install/cpp_pubsub/include/cpp_pubsub/cpp_pubsub/msg/rosidl_typesupport_fastrtps_c__visibility_control.h
-- Up-to-date: /home/dhanush/Documents/HW/ENPM808X/beginner_tutorials/ros2_ws/install/cpp_pubsub/lib/libcpp_pubsub__rosidl_typesupport_fastrtps_c.so
-- Up-to-date: /home/dhanush/Documents/HW/ENPM808X/beginner_tutorials/ros2_ws/install/cpp_pubsub/include/cpp_pubsub/cpp_pubsub
-- Up-to-date: /home/dhanush/Documents/HW/ENPM808X/beginner_tutorials/ros2_ws/install/cpp_pubsub/include/cpp_pubsub/cpp_pubsub/srv
-- Up-to-date: /home/dhanush/Documents/HW/ENPM808X/beginner_tutorials/ros2_ws/install/cpp_pubsub/include/cpp_pubsub/cpp_pubsub/srv/strings.hpp
-- Up-to-date: /home/dhanush/Documents/HW/ENPM808X/beginner_tutorials/ros2_ws/install/cpp_pubsub/include/cpp_pubsub/cpp_pubsub/srv/detail
-- Up-to-date: /home/dhanush/Documents/HW/ENPM808X/beginner_tutorials/ros2_ws/install/cpp_pubsub/include/cpp_pubsub/cpp_pubsub/srv/detail/strings__builder.hpp
-- Up-to-date: /home/dhanush/Documents/HW/ENPM808X/beginner_tutorials/ros2_ws/install/cpp_pubsub/include/cpp_pubsub/cpp_pubsub/srv/detail/strings__struct.hpp
-- Up-to-date: /home/dhanush/Documents/HW/ENPM808X/beginner_tutorials/ros2_ws/install/cpp_pubsub/include/cpp_pubsub/cpp_pubsub/srv/detail/strings__traits.hpp
-- Up-to-date: /home/dhanush/Documents/HW/ENPM808X/beginner_tutorials/ros2_ws/install/cpp_pubsub/include/cpp_pubsub/cpp_pubsub
-- Up-to-date: /home/dhanush/Documents/HW/ENPM808X/beginner_tutorials/ros2_ws/install/cpp_pubsub/include/cpp_pubsub/cpp_pubsub/srv
-- Up-to-date: /home/dhanush/Documents/HW/ENPM808X/beginner_tutorials/ros2_ws/install/cpp_pubsub/include/cpp_pubsub/cpp_pubsub/srv/detail
-- Up-to-date: /home/dhanush/Documents/HW/ENPM808X/beginner_tutorials/ros2_ws/install/cpp_pubsub/include/cpp_pubsub/cpp_pubsub/srv/detail/dds_fastrtps
-- Up-to-date: /home/dhanush/Documents/HW/ENPM808X/beginner_tutorials/ros2_ws/install/cpp_pubsub/include/cpp_pubsub/cpp_pubsub/srv/detail/strings__rosidl_typesupport_fastrtps_cpp.hpp
-- Up-to-date: /home/dhanush/Documents/HW/ENPM808X/beginner_tutorials/ros2_ws/install/cpp_pubsub/include/cpp_pubsub/cpp_pubsub/msg
-- Up-to-date: /home/dhanush/Documents/HW/ENPM808X/beginner_tutorials/ros2_ws/install/cpp_pubsub/include/cpp_pubsub/cpp_pubsub/msg/rosidl_typesupport_fastrtps_cpp__visibility_control.h
-- Up-to-date: /home/dhanush/Documents/HW/ENPM808X/beginner_tutorials/ros2_ws/install/cpp_pubsub/lib/libcpp_pubsub__rosidl_typesupport_fastrtps_cpp.so
-- Up-to-date: /home/dhanush/Documents/HW/ENPM808X/beginner_tutorials/ros2_ws/install/cpp_pubsub/include/cpp_pubsub/cpp_pubsub
-- Up-to-date: /home/dhanush/Documents/HW/ENPM808X/beginner_tutorials/ros2_ws/install/cpp_pubsub/include/cpp_pubsub/cpp_pubsub/srv
-- Up-to-date: /home/dhanush/Documents/HW/ENPM808X/beginner_tutorials/ros2_ws/install/cpp_pubsub/include/cpp_pubsub/cpp_pubsub/srv/detail
-- Up-to-date: /home/dhanush/Documents/HW/ENPM808X/beginner_tutorials/ros2_ws/install/cpp_pubsub/include/cpp_pubsub/cpp_pubsub/srv/detail/strings__type_support.c
-- Up-to-date: /home/dhanush/Documents/HW/ENPM808X/beginner_tutorials/ros2_ws/install/cpp_pubsub/include/cpp_pubsub/cpp_pubsub/srv/detail/strings__rosidl_typesupport_introspection_c.h
-- Up-to-date: /home/dhanush/Documents/HW/ENPM808X/beginner_tutorials/ros2_ws/install/cpp_pubsub/include/cpp_pubsub/cpp_pubsub/msg
-- Up-to-date: /home/dhanush/Documents/HW/ENPM808X/beginner_tutorials/ros2_ws/install/cpp_pubsub/include/cpp_pubsub/cpp_pubsub/msg/rosidl_typesupport_introspection_c__visibility_control.h
-- Up-to-date: /home/dhanush/Documents/HW/ENPM808X/beginner_tutorials/ros2_ws/install/cpp_pubsub/lib/libcpp_pubsub__rosidl_typesupport_introspection_c.so
-- Up-to-date: /home/dhanush/Documents/HW/ENPM808X/beginner_tutorials/ros2_ws/install/cpp_pubsub/lib/libcpp_pubsub__rosidl_typesupport_c.so
-- Up-to-date: /home/dhanush/Documents/HW/ENPM808X/beginner_tutorials/ros2_ws/install/cpp_pubsub/include/cpp_pubsub/cpp_pubsub
-- Up-to-date: /home/dhanush/Documents/HW/ENPM808X/beginner_tutorials/ros2_ws/install/cpp_pubsub/include/cpp_pubsub/cpp_pubsub/srv
-- Up-to-date: /home/dhanush/Documents/HW/ENPM808X/beginner_tutorials/ros2_ws/install/cpp_pubsub/include/cpp_pubsub/cpp_pubsub/srv/detail
-- Up-to-date: /home/dhanush/Documents/HW/ENPM808X/beginner_tutorials/ros2_ws/install/cpp_pubsub/include/cpp_pubsub/cpp_pubsub/srv/detail/strings__rosidl_typesupport_introspection_cpp.hpp
-- Up-to-date: /home/dhanush/Documents/HW/ENPM808X/beginner_tutorials/ros2_ws/install/cpp_pubsub/include/cpp_pubsub/cpp_pubsub/srv/detail/strings__type_support.cpp
-- Up-to-date: /home/dhanush/Documents/HW/ENPM808X/beginner_tutorials/ros2_ws/install/cpp_pubsub/lib/libcpp_pubsub__rosidl_typesupport_introspection_cpp.so
-- Up-to-date: /home/dhanush/Documents/HW/ENPM808X/beginner_tutorials/ros2_ws/install/cpp_pubsub/lib/libcpp_pubsub__rosidl_typesupport_cpp.so
-- Up-to-date: /home/dhanush/Documents/HW/ENPM808X/beginner_tutorials/ros2_ws/install/cpp_pubsub/share/cpp_pubsub/environment/pythonpath.sh
-- Installing: /home/dhanush/Documents/HW/ENPM808X/beginner_tutorials/ros2_ws/install/cpp_pubsub/share/cpp_pubsub/environment/pythonpath.dsv
-- Up-to-date: /home/dhanush/Documents/HW/ENPM808X/beginner_tutorials/ros2_ws/install/cpp_pubsub/lib/python3.8/site-packages/cpp_pubsub-0.0.0-py3.8.egg-info
-- Installing: /home/dhanush/Documents/HW/ENPM808X/beginner_tutorials/ros2_ws/install/cpp_pubsub/lib/python3.8/site-packages/cpp_pubsub-0.0.0-py3.8.egg-info/SOURCES.txt
-- Installing: /home/dhanush/Documents/HW/ENPM808X/beginner_tutorials/ros2_ws/install/cpp_pubsub/lib/python3.8/site-packages/cpp_pubsub-0.0.0-py3.8.egg-info/dependency_links.txt
-- Installing: /home/dhanush/Documents/HW/ENPM808X/beginner_tutorials/ros2_ws/install/cpp_pubsub/lib/python3.8/site-packages/cpp_pubsub-0.0.0-py3.8.egg-info/PKG-INFO
-- Installing: /home/dhanush/Documents/HW/ENPM808X/beginner_tutorials/ros2_ws/install/cpp_pubsub/lib/python3.8/site-packages/cpp_pubsub-0.0.0-py3.8.egg-info/top_level.txt
-- Up-to-date: /home/dhanush/Documents/HW/ENPM808X/beginner_tutorials/ros2_ws/install/cpp_pubsub/lib/python3.8/site-packages/cpp_pubsub
-- Up-to-date: /home/dhanush/Documents/HW/ENPM808X/beginner_tutorials/ros2_ws/install/cpp_pubsub/lib/python3.8/site-packages/cpp_pubsub/srv
-- Up-to-date: /home/dhanush/Documents/HW/ENPM808X/beginner_tutorials/ros2_ws/install/cpp_pubsub/lib/python3.8/site-packages/cpp_pubsub/srv/_strings.py
-- Up-to-date: /home/dhanush/Documents/HW/ENPM808X/beginner_tutorials/ros2_ws/install/cpp_pubsub/lib/python3.8/site-packages/cpp_pubsub/srv/_strings_s.c
-- Up-to-date: /home/dhanush/Documents/HW/ENPM808X/beginner_tutorials/ros2_ws/install/cpp_pubsub/lib/python3.8/site-packages/cpp_pubsub/srv/__init__.py
-- Up-to-date: /home/dhanush/Documents/HW/ENPM808X/beginner_tutorials/ros2_ws/install/cpp_pubsub/lib/python3.8/site-packages/cpp_pubsub/cpp_pubsub_s__rosidl_typesupport_fastrtps_c.cpython-38-x86_64-linux-gnu.so
-- Up-to-date: /home/dhanush/Documents/HW/ENPM808X/beginner_tutorials/ros2_ws/install/cpp_pubsub/lib/python3.8/site-packages/cpp_pubsub/libcpp_pubsub__rosidl_generator_py.so
-- Up-to-date: /home/dhanush/Documents/HW/ENPM808X/beginner_tutorials/ros2_ws/install/cpp_pubsub/lib/python3.8/site-packages/cpp_pubsub/_cpp_pubsub_s.ep.rosidl_typesupport_c.c
-- Installing: /home/dhanush/Documents/HW/ENPM808X/beginner_tutorials/ros2_ws/install/cpp_pubsub/lib/python3.8/site-packages/cpp_pubsub/__init__.py
-- Up-to-date: /home/dhanush/Documents/HW/ENPM808X/beginner_tutorials/ros2_ws/install/cpp_pubsub/lib/python3.8/site-packages/cpp_pubsub/cpp_pubsub_s__rosidl_typesupport_c.cpython-38-x86_64-linux-gnu.so
-- Up-to-date: /home/dhanush/Documents/HW/ENPM808X/beginner_tutorials/ros2_ws/install/cpp_pubsub/lib/python3.8/site-packages/cpp_pubsub/_cpp_pubsub_s.ep.rosidl_typesupport_fastrtps_c.c
-- Up-to-date: /home/dhanush/Documents/HW/ENPM808X/beginner_tutorials/ros2_ws/install/cpp_pubsub/lib/python3.8/site-packages/cpp_pubsub/_cpp_pubsub_s.ep.rosidl_typesupport_introspection_c.c
-- Up-to-date: /home/dhanush/Documents/HW/ENPM808X/beginner_tutorials/ros2_ws/install/cpp_pubsub/lib/python3.8/site-packages/cpp_pubsub/cpp_pubsub_s__rosidl_typesupport_introspection_c.cpython-38-x86_64-linux-gnu.so
Listing '/home/dhanush/Documents/HW/ENPM808X/beginner_tutorials/ros2_ws/install/cpp_pubsub/lib/python3.8/site-packages/cpp_pubsub'...
Compiling '/home/dhanush/Documents/HW/ENPM808X/beginner_tutorials/ros2_ws/install/cpp_pubsub/lib/python3.8/site-packages/cpp_pubsub/__init__.py'...
Listing '/home/dhanush/Documents/HW/ENPM808X/beginner_tutorials/ros2_ws/install/cpp_pubsub/lib/python3.8/site-packages/cpp_pubsub/srv'...
-- Up-to-date: /home/dhanush/Documents/HW/ENPM808X/beginner_tutorials/ros2_ws/install/cpp_pubsub/lib/python3.8/site-packages/cpp_pubsub/cpp_pubsub_s__rosidl_typesupport_introspection_c.cpython-38-x86_64-linux-gnu.so
-- Up-to-date: /home/dhanush/Documents/HW/ENPM808X/beginner_tutorials/ros2_ws/install/cpp_pubsub/lib/python3.8/site-packages/cpp_pubsub/cpp_pubsub_s__rosidl_typesupport_fastrtps_c.cpython-38-x86_64-linux-gnu.so
-- Up-to-date: /home/dhanush/Documents/HW/ENPM808X/beginner_tutorials/ros2_ws/install/cpp_pubsub/lib/python3.8/site-packages/cpp_pubsub/cpp_pubsub_s__rosidl_typesupport_c.cpython-38-x86_64-linux-gnu.so
-- Up-to-date: /home/dhanush/Documents/HW/ENPM808X/beginner_tutorials/ros2_ws/install/cpp_pubsub/lib/libcpp_pubsub__rosidl_generator_py.so
-- Up-to-date: /home/dhanush/Documents/HW/ENPM808X/beginner_tutorials/ros2_ws/install/cpp_pubsub/share/cpp_pubsub/srv/Strings.idl
-- Up-to-date: /home/dhanush/Documents/HW/ENPM808X/beginner_tutorials/ros2_ws/install/cpp_pubsub/share/cpp_pubsub/srv/Strings.srv
-- Up-to-date: /home/dhanush/Documents/HW/ENPM808X/beginner_tutorials/ros2_ws/install/cpp_pubsub/share/cpp_pubsub/srv/Strings_Request.msg
-- Up-to-date: /home/dhanush/Documents/HW/ENPM808X/beginner_tutorials/ros2_ws/install/cpp_pubsub/share/cpp_pubsub/srv/Strings_Response.msg
-- Up-to-date: /home/dhanush/Documents/HW/ENPM808X/beginner_tutorials/ros2_ws/install/cpp_pubsub/lib/cpp_pubsub/talker
-- Up-to-date: /home/dhanush/Documents/HW/ENPM808X/beginner_tutorials/ros2_ws/install/cpp_pubsub/lib/cpp_pubsub/listener
-- Up-to-date: /home/dhanush/Documents/HW/ENPM808X/beginner_tutorials/ros2_ws/install/cpp_pubsub/lib/cpp_pubsub/client
-- Up-to-date: /home/dhanush/Documents/HW/ENPM808X/beginner_tutorials/ros2_ws/install/cpp_pubsub/share/cpp_pubsub/launch
-- Up-to-date: /home/dhanush/Documents/HW/ENPM808X/beginner_tutorials/ros2_ws/install/cpp_pubsub/share/cpp_pubsub/launch/pubsublaunch.yaml
-- Installing: /home/dhanush/Documents/HW/ENPM808X/beginner_tutorials/ros2_ws/install/cpp_pubsub/lib/cpp_pubsub/test_cpp_pubsub
-- Set runtime path of "/home/dhanush/Documents/HW/ENPM808X/beginner_tutorials/ros2_ws/install/cpp_pubsub/lib/cpp_pubsub/test_cpp_pubsub" to ""
-- Up-to-date: /home/dhanush/Documents/HW/ENPM808X/beginner_tutorials/ros2_ws/install/cpp_pubsub/share/ament_index/resource_index/package_run_dependencies/cpp_pubsub
-- Installing: /home/dhanush/Documents/HW/ENPM808X/beginner_tutorials/ros2_ws/install/cpp_pubsub/share/ament_index/resource_index/parent_prefix_path/cpp_pubsub
-- Installing: /home/dhanush/Documents/HW/ENPM808X/beginner_tutorials/ros2_ws/install/cpp_pubsub/share/cpp_pubsub/environment/ament_prefix_path.dsv
-- Installing: /home/dhanush/Documents/HW/ENPM808X/beginner_tutorials/ros2_ws/install/cpp_pubsub/share/cpp_pubsub/environment/path.dsv
-- Up-to-date: /home/dhanush/Documents/HW/ENPM808X/beginner_tutorials/ros2_ws/install/cpp_pubsub/share/cpp_pubsub/local_setup.bash
-- Up-to-date: /home/dhanush/Documents/HW/ENPM808X/beginner_tutorials/ros2_ws/install/cpp_pubsub/share/cpp_pubsub/local_setup.sh
-- Up-to-date: /home/dhanush/Documents/HW/ENPM808X/beginner_tutorials/ros2_ws/install/cpp_pubsub/share/cpp_pubsub/local_setup.zsh
-- Installing: /home/dhanush/Documents/HW/ENPM808X/beginner_tutorials/ros2_ws/install/cpp_pubsub/share/cpp_pubsub/local_setup.dsv
-- Installing: /home/dhanush/Documents/HW/ENPM808X/beginner_tutorials/ros2_ws/install/cpp_pubsub/share/cpp_pubsub/package.dsv
-- Up-to-date: /home/dhanush/Documents/HW/ENPM808X/beginner_tutorials/ros2_ws/install/cpp_pubsub/share/ament_index/resource_index/packages/cpp_pubsub
-- Up-to-date: /home/dhanush/Documents/HW/ENPM808X/beginner_tutorials/ros2_ws/install/cpp_pubsub/share/cpp_pubsub/cmake/export_cpp_pubsub__rosidl_generator_cExport.cmake
-- Installing: /home/dhanush/Documents/HW/ENPM808X/beginner_tutorials/ros2_ws/install/cpp_pubsub/share/cpp_pubsub/cmake/export_cpp_pubsub__rosidl_generator_cExport-noconfig.cmake
-- Up-to-date: /home/dhanush/Documents/HW/ENPM808X/beginner_tutorials/ros2_ws/install/cpp_pubsub/share/cpp_pubsub/cmake/export_cpp_pubsub__rosidl_typesupport_fastrtps_cExport.cmake
-- Installing: /home/dhanush/Documents/HW/ENPM808X/beginner_tutorials/ros2_ws/install/cpp_pubsub/share/cpp_pubsub/cmake/export_cpp_pubsub__rosidl_typesupport_fastrtps_cExport-noconfig.cmake
-- Up-to-date: /home/dhanush/Documents/HW/ENPM808X/beginner_tutorials/ros2_ws/install/cpp_pubsub/share/cpp_pubsub/cmake/export_cpp_pubsub__rosidl_generator_cppExport.cmake
-- Up-to-date: /home/dhanush/Documents/HW/ENPM808X/beginner_tutorials/ros2_ws/install/cpp_pubsub/share/cpp_pubsub/cmake/export_cpp_pubsub__rosidl_typesupport_fastrtps_cppExport.cmake
-- Installing: /home/dhanush/Documents/HW/ENPM808X/beginner_tutorials/ros2_ws/install/cpp_pubsub/share/cpp_pubsub/cmake/export_cpp_pubsub__rosidl_typesupport_fastrtps_cppExport-noconfig.cmake
-- Up-to-date: /home/dhanush/Documents/HW/ENPM808X/beginner_tutorials/ros2_ws/install/cpp_pubsub/share/cpp_pubsub/cmake/cpp_pubsub__rosidl_typesupport_introspection_cExport.cmake
-- Installing: /home/dhanush/Documents/HW/ENPM808X/beginner_tutorials/ros2_ws/install/cpp_pubsub/share/cpp_pubsub/cmake/cpp_pubsub__rosidl_typesupport_introspection_cExport-noconfig.cmake
-- Up-to-date: /home/dhanush/Documents/HW/ENPM808X/beginner_tutorials/ros2_ws/install/cpp_pubsub/share/cpp_pubsub/cmake/cpp_pubsub__rosidl_typesupport_cExport.cmake
-- Installing: /home/dhanush/Documents/HW/ENPM808X/beginner_tutorials/ros2_ws/install/cpp_pubsub/share/cpp_pubsub/cmake/cpp_pubsub__rosidl_typesupport_cExport-noconfig.cmake
-- Up-to-date: /home/dhanush/Documents/HW/ENPM808X/beginner_tutorials/ros2_ws/install/cpp_pubsub/share/cpp_pubsub/cmake/cpp_pubsub__rosidl_typesupport_introspection_cppExport.cmake
-- Installing: /home/dhanush/Documents/HW/ENPM808X/beginner_tutorials/ros2_ws/install/cpp_pubsub/share/cpp_pubsub/cmake/cpp_pubsub__rosidl_typesupport_introspection_cppExport-noconfig.cmake
-- Up-to-date: /home/dhanush/Documents/HW/ENPM808X/beginner_tutorials/ros2_ws/install/cpp_pubsub/share/cpp_pubsub/cmake/cpp_pubsub__rosidl_typesupport_cppExport.cmake
-- Installing: /home/dhanush/Documents/HW/ENPM808X/beginner_tutorials/ros2_ws/install/cpp_pubsub/share/cpp_pubsub/cmake/cpp_pubsub__rosidl_typesupport_cppExport-noconfig.cmake
-- Up-to-date: /home/dhanush/Documents/HW/ENPM808X/beginner_tutorials/ros2_ws/install/cpp_pubsub/share/cpp_pubsub/cmake/export_cpp_pubsub__rosidl_generator_pyExport.cmake
-- Installing: /home/dhanush/Documents/HW/ENPM808X/beginner_tutorials/ros2_ws/install/cpp_pubsub/share/cpp_pubsub/cmake/export_cpp_pubsub__rosidl_generator_pyExport-noconfig.cmake
-- Installing: /home/dhanush/Documents/HW/ENPM808X/beginner_tutorials/ros2_ws/install/cpp_pubsub/share/cpp_pubsub/cmake/ament_cmake_export_dependencies-extras.cmake
-- Up-to-date: /home/dhanush/Documents/HW/ENPM808X/beginner_tutorials/ros2_ws/install/cpp_pubsub/share/cpp_pubsub/cmake/rosidl_cmake-extras.cmake
-- Up-to-date: /home/dhanush/Documents/HW/ENPM808X/beginner_tutorials/ros2_ws/install/cpp_pubsub/share/cpp_pubsub/cmake/ament_cmake_export_include_directories-extras.cmake
-- Up-to-date: /home/dhanush/Documents/HW/ENPM808X/beginner_tutorials/ros2_ws/install/cpp_pubsub/share/cpp_pubsub/cmake/ament_cmake_export_libraries-extras.cmake
-- Up-to-date: /home/dhanush/Documents/HW/ENPM808X/beginner_tutorials/ros2_ws/install/cpp_pubsub/share/cpp_pubsub/cmake/ament_cmake_export_targets-extras.cmake
-- Up-to-date: /home/dhanush/Documents/HW/ENPM808X/beginner_tutorials/ros2_ws/install/cpp_pubsub/share/cpp_pubsub/cmake/rosidl_cmake_export_typesupport_targets-extras.cmake
-- Up-to-date: /home/dhanush/Documents/HW/ENPM808X/beginner_tutorials/ros2_ws/install/cpp_pubsub/share/cpp_pubsub/cmake/rosidl_cmake_export_typesupport_libraries-extras.cmake
-- Up-to-date: /home/dhanush/Documents/HW/ENPM808X/beginner_tutorials/ros2_ws/install/cpp_pubsub/share/cpp_pubsub/cmake/cpp_pubsubConfig.cmake
-- Up-to-date: /home/dhanush/Documents/HW/ENPM808X/beginner_tutorials/ros2_ws/install/cpp_pubsub/share/cpp_pubsub/cmake/cpp_pubsubConfig-version.cmake
-- Up-to-date: /home/dhanush/Documents/HW/ENPM808X/beginner_tutorials/ros2_ws/install/cpp_pubsub/share/cpp_pubsub/package.xml
