CMake Deprecation Warning at /home/dhanush/ros2_humble/install/rosidl_cmake/share/rosidl_cmake/cmake/rosidl_target_interfaces.cmake:32 (message):
  Use rosidl_get_typesupport_target() and target_link_libraries() instead of
  rosidl_target_interfaces()
Call Stack (most recent call first):
  CMakeLists.txt:35 (rosidl_target_interfaces)


CMake Deprecation Warning at /home/dhanush/ros2_humble/install/rosidl_cmake/share/rosidl_cmake/cmake/rosidl_target_interfaces.cmake:32 (message):
  Use rosidl_get_typesupport_target() and target_link_libraries() instead of
  rosidl_target_interfaces()
Call Stack (most recent call first):
  CMakeLists.txt:37 (rosidl_target_interfaces)


[01m[K/home/dhanush/Documents/HW/ENPM808X/beginner_tutorials/ros2_ws/src/cpp_pubsub/src/publisher_member_function.cpp:[m[K In constructor ‘[01m[KMinimalPublisher::MinimalPublisher()[m[K’:
[01m[K/home/dhanush/Documents/HW/ENPM808X/beginner_tutorials/ros2_ws/src/cpp_pubsub/src/publisher_member_function.cpp:40:7:[m[K [01;31m[Kerror: [m[K‘[01m[Km_param_subscriber_[m[K’ was not declared in this scope
   40 |       [01;31m[Km_param_subscriber_[m[K = std::make_shared<rclcpp::ParameterEventHandler>(this);
      |       [01;31m[K^~~~~~~~~~~~~~~~~~~[m[K
[01m[K/home/dhanush/Documents/HW/ENPM808X/beginner_tutorials/ros2_ws/src/cpp_pubsub/src/publisher_member_function.cpp:42:7:[m[K [01;31m[Kerror: [m[K‘[01m[Km_paramHandle_[m[K’ was not declared in this scope
   42 |       [01;31m[Km_paramHandle_[m[K = m_param_subscriber_->add_parameter_callback ("freq", paramCallbackPtr);
      |       [01;31m[K^~~~~~~~~~~~~~[m[K
make[2]: *** [CMakeFiles/talker.dir/build.make:63: CMakeFiles/talker.dir/src/publisher_member_function.cpp.o] Error 1
make[1]: *** [CMakeFiles/Makefile2:188: CMakeFiles/talker.dir/all] Error 2
make[1]: *** Waiting for unfinished jobs....
make: *** [Makefile:141: all] Error 2
