Performing C SOURCE FILE Test CMAKE_HAVE_LIBC_PTHREAD failed with the following output:
Change Dir: /home/dhanush/Documents/HW/ENPM808X/beginner_tutorials/ros2_ws/build/cpp_pubsub/CMakeFiles/CMakeTmp

Run Build Command(s):/usr/bin/make cmTC_f29cc/fast && /usr/bin/make -f CMakeFiles/cmTC_f29cc.dir/build.make CMakeFiles/cmTC_f29cc.dir/build
make[1]: Entering directory '/home/dhanush/Documents/HW/ENPM808X/beginner_tutorials/ros2_ws/build/cpp_pubsub/CMakeFiles/CMakeTmp'
Building C object CMakeFiles/cmTC_f29cc.dir/src.c.o
/usr/bin/cc   -DCMAKE_HAVE_LIBC_PTHREAD   -o CMakeFiles/cmTC_f29cc.dir/src.c.o   -c /home/dhanush/Documents/HW/ENPM808X/beginner_tutorials/ros2_ws/build/cpp_pubsub/CMakeFiles/CMakeTmp/src.c
Linking C executable cmTC_f29cc
/usr/bin/cmake -E cmake_link_script CMakeFiles/cmTC_f29cc.dir/link.txt --verbose=1
/usr/bin/cc  -DCMAKE_HAVE_LIBC_PTHREAD    CMakeFiles/cmTC_f29cc.dir/src.c.o  -o cmTC_f29cc 
/usr/bin/ld: CMakeFiles/cmTC_f29cc.dir/src.c.o: in function `main':
src.c:(.text+0x46): undefined reference to `pthread_create'
/usr/bin/ld: src.c:(.text+0x52): undefined reference to `pthread_detach'
/usr/bin/ld: src.c:(.text+0x63): undefined reference to `pthread_join'
collect2: error: ld returned 1 exit status
make[1]: *** [CMakeFiles/cmTC_f29cc.dir/build.make:87: cmTC_f29cc] Error 1
make[1]: Leaving directory '/home/dhanush/Documents/HW/ENPM808X/beginner_tutorials/ros2_ws/build/cpp_pubsub/CMakeFiles/CMakeTmp'
make: *** [Makefile:121: cmTC_f29cc/fast] Error 2


Source file was:
#include <pthread.h>

void* test_func(void* data)
{
  return data;
}

int main(void)
{
  pthread_t thread;
  pthread_create(&thread, NULL, test_func, NULL);
  pthread_detach(thread);
  pthread_join(thread, NULL);
  pthread_atfork(NULL, NULL, NULL);
  pthread_exit(NULL);

  return 0;
}

Determining if the function pthread_create exists in the pthreads failed with the following output:
Change Dir: /home/dhanush/Documents/HW/ENPM808X/beginner_tutorials/ros2_ws/build/cpp_pubsub/CMakeFiles/CMakeTmp

Run Build Command(s):/usr/bin/make cmTC_ac7f3/fast && /usr/bin/make -f CMakeFiles/cmTC_ac7f3.dir/build.make CMakeFiles/cmTC_ac7f3.dir/build
make[1]: Entering directory '/home/dhanush/Documents/HW/ENPM808X/beginner_tutorials/ros2_ws/build/cpp_pubsub/CMakeFiles/CMakeTmp'
Building C object CMakeFiles/cmTC_ac7f3.dir/CheckFunctionExists.c.o
/usr/bin/cc   -DCHECK_FUNCTION_EXISTS=pthread_create   -o CMakeFiles/cmTC_ac7f3.dir/CheckFunctionExists.c.o   -c /usr/share/cmake-3.16/Modules/CheckFunctionExists.c
Linking C executable cmTC_ac7f3
/usr/bin/cmake -E cmake_link_script CMakeFiles/cmTC_ac7f3.dir/link.txt --verbose=1
/usr/bin/cc  -DCHECK_FUNCTION_EXISTS=pthread_create    CMakeFiles/cmTC_ac7f3.dir/CheckFunctionExists.c.o  -o cmTC_ac7f3  -lpthreads 
/usr/bin/ld: cannot find -lpthreads
collect2: error: ld returned 1 exit status
make[1]: *** [CMakeFiles/cmTC_ac7f3.dir/build.make:87: cmTC_ac7f3] Error 1
make[1]: Leaving directory '/home/dhanush/Documents/HW/ENPM808X/beginner_tutorials/ros2_ws/build/cpp_pubsub/CMakeFiles/CMakeTmp'
make: *** [Makefile:121: cmTC_ac7f3/fast] Error 2



